<?xml version="1.0" encoding="utf-8"?>
<CoverageSession xmlns:xsd="http://www.w3.org/2001/XMLSchema" xmlns:xsi="http://www.w3.org/2001/XMLSchema-instance" Version="4.7.922.0">
  <Summary numSequencePoints="397" visitedSequencePoints="162" numBranchPoints="171" visitedBranchPoints="67" sequenceCoverage="40.81" branchCoverage="39.18" maxCyclomaticComplexity="6" minCyclomaticComplexity="0" maxCrapScore="42" minCrapScore="0" visitedClasses="10" numClasses="22" visitedMethods="51" numMethods="103" />
  <Modules>
    <Module skippedDueTo="Filter" hash="1E-50-59-CB-7E-42-BB-E7-C7-C2-F7-3A-23-94-67-72-09-56-B0-91">
      <ModulePath>C:\Program Files\dotnet\shared\Microsoft.NETCore.App\3.0.0\System.Private.CoreLib.dll</ModulePath>
      <ModuleTime>2019-09-12T14:05:06Z</ModuleTime>
      <ModuleName>System.Private.CoreLib</ModuleName>
      <Classes />
    </Module>
    <Module skippedDueTo="MissingPdb" hash="ED-B1-3C-3A-AC-20-BE-78-55-3A-53-50-74-69-96-AC-85-7D-82-15">
      <ModulePath>C:\Program Files\dotnet\sdk\3.0.100\dotnet.dll</ModulePath>
      <ModuleTime>2019-09-17T23:13:34Z</ModuleTime>
      <ModuleName>dotnet</ModuleName>
      <Classes />
    </Module>
    <Module skippedDueTo="Filter" hash="E8-63-7E-C0-ED-10-09-3B-34-3F-C8-46-46-40-E3-BE-56-5F-D8-64">
      <ModulePath>C:\Program Files\dotnet\shared\Microsoft.NETCore.App\3.0.0\System.Runtime.dll</ModulePath>
      <ModuleTime>2019-09-13T06:08:52Z</ModuleTime>
      <ModuleName>System.Runtime</ModuleName>
      <Classes />
    </Module>
    <Module skippedDueTo="MissingPdb" hash="EA-68-65-33-7F-E1-90-A5-12-C5-72-AD-59-96-0E-22-D5-C8-CF-90">
      <ModulePath>C:\Program Files\dotnet\sdk\3.0.100\Microsoft.DotNet.Cli.Utils.dll</ModulePath>
      <ModuleTime>2019-09-17T23:13:34Z</ModuleTime>
      <ModuleName>Microsoft.DotNet.Cli.Utils</ModuleName>
      <Classes />
    </Module>
    <Module skippedDueTo="Filter" hash="B3-34-CA-2B-39-F4-74-72-CC-34-4F-AC-8E-24-81-06-B0-52-9A-2B">
      <ModulePath>C:\Program Files\dotnet\shared\Microsoft.NETCore.App\3.0.0\System.Runtime.Extensions.dll</ModulePath>
      <ModuleTime>2019-09-13T06:08:56Z</ModuleTime>
      <ModuleName>System.Runtime.Extensions</ModuleName>
      <Classes />
    </Module>
    <Module skippedDueTo="Filter" hash="A1-6B-ED-9F-A3-46-78-D4-5B-DF-0A-11-7F-F3-C5-97-1E-49-58-16">
      <ModulePath>C:\Program Files\dotnet\shared\Microsoft.NETCore.App\3.0.0\System.Runtime.Loader.dll</ModulePath>
      <ModuleTime>2019-09-13T06:08:56Z</ModuleTime>
      <ModuleName>System.Runtime.Loader</ModuleName>
      <Classes />
    </Module>
    <Module skippedDueTo="MissingPdb" hash="3F-12-95-69-CE-16-B5-4B-E8-2C-EA-21-CC-1F-D4-6F-8F-8E-23-96">
      <ModulePath>C:\Program Files\dotnet\sdk\3.0.100\Microsoft.DotNet.PlatformAbstractions.dll</ModulePath>
      <ModuleTime>2019-09-17T23:13:44Z</ModuleTime>
      <ModuleName>Microsoft.DotNet.PlatformAbstractions</ModuleName>
      <Classes />
    </Module>
    <Module skippedDueTo="MissingPdb" hash="C8-A7-11-DF-64-73-4F-55-1F-76-CD-D1-F7-DB-23-00-F4-0A-21-44">
      <ModulePath>C:\Program Files\dotnet\shared\Microsoft.NETCore.App\3.0.0\netstandard.dll</ModulePath>
      <ModuleTime>2019-09-13T06:08:48Z</ModuleTime>
      <ModuleName>netstandard</ModuleName>
      <Classes />
    </Module>
    <Module skippedDueTo="Filter" hash="3D-1C-48-53-AC-33-D6-0A-6C-63-0E-BE-B3-B4-61-0C-47-D0-F4-99">
      <ModulePath>C:\Program Files\dotnet\shared\Microsoft.NETCore.App\3.0.0\System.Runtime.InteropServices.RuntimeInformation.dll</ModulePath>
      <ModuleTime>2019-09-13T06:08:54Z</ModuleTime>
      <ModuleName>System.Runtime.InteropServices.RuntimeInformation</ModuleName>
      <Classes />
    </Module>
    <Module skippedDueTo="Filter" hash="B4-74-FB-94-9C-4A-9F-B5-B4-12-8F-5B-FA-1C-51-F1-8A-1B-38-BF">
      <ModulePath>C:\Program Files\dotnet\shared\Microsoft.NETCore.App\3.0.0\System.IO.FileSystem.dll</ModulePath>
      <ModuleTime>2019-09-13T06:08:52Z</ModuleTime>
      <ModuleName>System.IO.FileSystem</ModuleName>
      <Classes />
    </Module>
    <Module skippedDueTo="Filter" hash="BA-7B-5C-E2-62-EA-0A-F2-61-10-E2-9E-C1-36-85-12-93-E7-2B-8E">
      <ModulePath>C:\Program Files\dotnet\shared\Microsoft.NETCore.App\3.0.0\System.Runtime.InteropServices.dll</ModulePath>
      <ModuleTime>2019-09-13T06:08:52Z</ModuleTime>
      <ModuleName>System.Runtime.InteropServices</ModuleName>
      <Classes />
    </Module>
    <Module skippedDueTo="Filter" hash="AF-E6-7B-01-02-B0-CA-AC-23-69-EF-E2-85-E2-A7-70-2B-E1-A9-14">
      <ModulePath>C:\Program Files\dotnet\shared\Microsoft.NETCore.App\3.0.0\System.Threading.dll</ModulePath>
      <ModuleTime>2019-09-13T06:08:58Z</ModuleTime>
      <ModuleName>System.Threading</ModuleName>
      <Classes />
    </Module>
    <Module skippedDueTo="Filter" hash="95-FF-6D-AC-D4-0B-D8-B8-DA-AD-E3-4E-88-1F-4F-EA-2F-25-93-E1">
      <ModulePath>C:\Program Files\dotnet\shared\Microsoft.NETCore.App\3.0.0\System.Text.Encoding.CodePages.dll</ModulePath>
      <ModuleTime>2019-09-13T06:08:54Z</ModuleTime>
      <ModuleName>System.Text.Encoding.CodePages</ModuleName>
      <Classes />
    </Module>
    <Module skippedDueTo="Filter" hash="40-AA-30-B8-EF-40-FF-6F-82-15-0E-3D-1C-C5-24-B7-C8-AA-18-90">
      <ModulePath>C:\Program Files\dotnet\shared\Microsoft.NETCore.App\3.0.0\System.Collections.dll</ModulePath>
      <ModuleTime>2019-09-13T06:08:46Z</ModuleTime>
      <ModuleName>System.Collections</ModuleName>
      <Classes />
    </Module>
    <Module skippedDueTo="Filter" hash="40-DD-05-DC-32-C6-D4-F0-5C-A6-42-3F-46-12-83-2A-7A-20-58-AE">
      <ModulePath>C:\Program Files\dotnet\shared\Microsoft.NETCore.App\3.0.0\System.Collections.Concurrent.dll</ModulePath>
      <ModuleTime>2019-09-13T06:08:48Z</ModuleTime>
      <ModuleName>System.Collections.Concurrent</ModuleName>
      <Classes />
    </Module>
    <Module skippedDueTo="Filter" hash="E3-94-86-4C-08-E8-45-2B-B4-E4-A8-98-AD-86-09-48-EB-0D-55-70">
      <ModulePath>C:\Program Files\dotnet\shared\Microsoft.NETCore.App\3.0.0\System.Threading.Thread.dll</ModulePath>
      <ModuleTime>2019-09-13T06:08:46Z</ModuleTime>
      <ModuleName>System.Threading.Thread</ModuleName>
      <Classes />
    </Module>
    <Module skippedDueTo="MissingPdb" hash="90-7B-50-44-1B-DB-3A-B1-02-E7-91-88-D7-88-62-99-50-6A-2E-02">
      <ModulePath>C:\Program Files\dotnet\sdk\3.0.100\Microsoft.DotNet.Configurer.dll</ModulePath>
      <ModuleTime>2019-09-17T23:13:38Z</ModuleTime>
      <ModuleName>Microsoft.DotNet.Configurer</ModuleName>
      <Classes />
    </Module>
    <Module skippedDueTo="MissingPdb" hash="0B-E8-81-D1-F2-33-36-47-C7-59-F4-5D-E2-D5-15-26-72-03-90-8E">
      <ModulePath>C:\Program Files\dotnet\sdk\3.0.100\Microsoft.DotNet.Cli.CommandLine.dll</ModulePath>
      <ModuleTime>2019-09-17T23:13:40Z</ModuleTime>
      <ModuleName>Microsoft.DotNet.Cli.CommandLine</ModuleName>
      <Classes />
    </Module>
    <Module skippedDueTo="Filter" hash="9A-37-A0-DF-9D-FC-A5-C2-E9-F6-5E-7E-A8-B5-A1-E7-99-18-9A-35">
      <ModulePath>C:\Program Files\dotnet\shared\Microsoft.NETCore.App\3.0.0\System.Diagnostics.Process.dll</ModulePath>
      <ModuleTime>2019-09-13T06:08:50Z</ModuleTime>
      <ModuleName>System.Diagnostics.Process</ModuleName>
      <Classes />
    </Module>
    <Module skippedDueTo="MissingPdb" hash="9F-AB-F7-A7-4C-A9-95-F8-16-BF-96-E6-7E-41-DF-EF-F1-71-AE-C9">
      <ModulePath>C:\Program Files\dotnet\sdk\3.0.100\Microsoft.DotNet.InternalAbstractions.dll</ModulePath>
      <ModuleTime>2019-09-17T23:13:40Z</ModuleTime>
      <ModuleName>Microsoft.DotNet.InternalAbstractions</ModuleName>
      <Classes />
    </Module>
    <Module skippedDueTo="Filter" hash="CA-D6-18-24-89-5E-4A-82-1B-D3-0E-1A-68-B7-50-F2-79-EA-29-2B">
      <ModulePath>C:\Program Files\dotnet\shared\Microsoft.NETCore.App\3.0.0\System.Linq.dll</ModulePath>
      <ModuleTime>2019-09-13T06:08:54Z</ModuleTime>
      <ModuleName>System.Linq</ModuleName>
      <Classes />
    </Module>
    <Module skippedDueTo="MissingPdb" hash="68-39-C7-B0-C2-E2-02-A0-BD-4A-B1-92-43-91-9A-F7-4F-C3-F9-81">
      <ModulePath>C:\Program Files\dotnet\sdk\3.0.100\NuGet.Frameworks.dll</ModulePath>
      <ModuleTime>2019-09-17T23:13:46Z</ModuleTime>
      <ModuleName>NuGet.Frameworks</ModuleName>
      <Classes />
    </Module>
    <Module skippedDueTo="Filter" hash="36-0B-1C-49-EB-C1-89-08-AC-4B-28-61-BC-51-24-3C-5E-88-66-C2">
      <ModulePath>C:\Program Files\dotnet\shared\Microsoft.NETCore.App\3.0.0\System.Console.dll</ModulePath>
      <ModuleTime>2019-09-13T06:08:50Z</ModuleTime>
      <ModuleName>System.Console</ModuleName>
      <Classes />
    </Module>
    <Module skippedDueTo="Filter" hash="DD-4B-1C-39-C2-71-7A-6A-EB-F8-06-10-83-5A-8D-F5-76-A1-74-EE">
      <ModulePath>C:\Program Files\dotnet\shared\Microsoft.NETCore.App\3.0.0\System.Text.Encoding.Extensions.dll</ModulePath>
      <ModuleTime>2019-09-13T06:08:56Z</ModuleTime>
      <ModuleName>System.Text.Encoding.Extensions</ModuleName>
      <Classes />
    </Module>
    <Module skippedDueTo="Filter" hash="DA-38-ED-F1-95-29-82-D7-42-FD-37-C2-20-F6-D5-7C-61-0C-BF-C2">
      <ModulePath>C:\Program Files\dotnet\shared\Microsoft.NETCore.App\3.0.0\System.Runtime.CompilerServices.Unsafe.dll</ModulePath>
      <ModuleTime>2019-09-13T06:08:52Z</ModuleTime>
      <ModuleName>System.Runtime.CompilerServices.Unsafe</ModuleName>
      <Classes />
    </Module>
    <Module skippedDueTo="Filter" hash="94-14-03-F1-37-73-63-17-D3-F8-F4-74-97-49-D0-A1-13-D5-06-89">
      <ModulePath>C:\Program Files\dotnet\shared\Microsoft.NETCore.App\3.0.0\System.Memory.dll</ModulePath>
      <ModuleTime>2019-09-13T06:08:56Z</ModuleTime>
      <ModuleName>System.Memory</ModuleName>
      <Classes />
    </Module>
    <Module skippedDueTo="MissingPdb" hash="6B-BE-10-CF-02-90-BC-66-FA-2D-07-13-07-A6-2B-39-2A-39-D0-9B">
      <ModulePath>C:\Program Files\dotnet\sdk\3.0.100\Microsoft.ApplicationInsights.dll</ModulePath>
      <ModuleTime>2019-09-17T23:13:36Z</ModuleTime>
      <ModuleName>Microsoft.ApplicationInsights</ModuleName>
      <Classes />
    </Module>
    <Module skippedDueTo="Filter" hash="BB-21-29-CE-C1-DE-99-AC-1B-83-08-87-CB-FC-FD-E1-6A-71-62-56">
      <ModulePath>C:\Program Files\dotnet\shared\Microsoft.NETCore.App\3.0.0\System.Security.Cryptography.Algorithms.dll</ModulePath>
      <ModuleTime>2019-09-13T06:08:52Z</ModuleTime>
      <ModuleName>System.Security.Cryptography.Algorithms</ModuleName>
      <Classes />
    </Module>
    <Module skippedDueTo="Filter" hash="D8-97-6F-49-FB-A9-EA-18-73-DE-CF-B4-6D-FE-D4-06-62-10-0F-98">
      <ModulePath>C:\Program Files\dotnet\shared\Microsoft.NETCore.App\3.0.0\System.Security.Cryptography.Primitives.dll</ModulePath>
      <ModuleTime>2019-09-13T06:08:54Z</ModuleTime>
      <ModuleName>System.Security.Cryptography.Primitives</ModuleName>
      <Classes />
    </Module>
    <Module skippedDueTo="Filter" hash="9A-3F-13-63-C8-C8-E9-25-E9-A8-7C-4F-02-C7-3F-CD-BF-CB-6E-AD">
      <ModulePath>C:\Program Files\dotnet\shared\Microsoft.NETCore.App\3.0.0\System.Buffers.dll</ModulePath>
      <ModuleTime>2019-09-13T06:08:48Z</ModuleTime>
      <ModuleName>System.Buffers</ModuleName>
      <Classes />
    </Module>
    <Module skippedDueTo="Filter" hash="A8-E5-A4-B3-25-3A-51-9D-CA-61-D4-47-79-0E-2B-83-0E-7F-5E-8B">
      <ModulePath>C:\Program Files\dotnet\shared\Microsoft.NETCore.App\3.0.0\System.Private.Uri.dll</ModulePath>
      <ModuleTime>2019-09-13T06:08:46Z</ModuleTime>
      <ModuleName>System.Private.Uri</ModuleName>
      <Classes />
    </Module>
    <Module skippedDueTo="MissingPdb" hash="06-0F-10-E7-E8-8B-50-C7-A4-42-10-8C-39-D0-65-33-3A-63-6A-F9">
      <ModulePath>C:\Program Files\dotnet\sdk\3.0.100\Microsoft.TemplateEngine.Cli.dll</ModulePath>
      <ModuleTime>2019-09-17T23:13:44Z</ModuleTime>
      <ModuleName>Microsoft.TemplateEngine.Cli</ModuleName>
      <Classes />
    </Module>
    <Module skippedDueTo="Filter" hash="A6-4C-2C-FE-9C-5F-FA-EF-7F-3C-A4-1E-85-CF-B6-85-2F-B9-B7-E3">
      <ModulePath>C:\Program Files\dotnet\shared\Microsoft.NETCore.App\3.0.0\System.Reflection.Extensions.dll</ModulePath>
      <ModuleTime>2019-09-13T06:08:50Z</ModuleTime>
      <ModuleName>System.Reflection.Extensions</ModuleName>
      <Classes />
    </Module>
    <Module skippedDueTo="Filter" hash="E2-66-F9-3A-F6-AF-E5-6F-4D-92-B9-54-23-AB-33-D5-1F-B6-BE-A4">
      <ModulePath>C:\Program Files\dotnet\shared\Microsoft.NETCore.App\3.0.0\System.Reflection.dll</ModulePath>
      <ModuleTime>2019-09-13T06:08:50Z</ModuleTime>
      <ModuleName>System.Reflection</ModuleName>
      <Classes />
    </Module>
    <Module skippedDueTo="Filter" hash="43-B8-08-16-7C-1F-05-64-F5-A6-6F-20-1C-4A-1D-E3-5D-02-B9-56">
      <ModulePath>C:\Program Files\dotnet\shared\Microsoft.NETCore.App\3.0.0\System.Xml.XDocument.dll</ModulePath>
      <ModuleTime>2019-09-13T06:08:46Z</ModuleTime>
      <ModuleName>System.Xml.XDocument</ModuleName>
      <Classes />
    </Module>
    <Module skippedDueTo="Filter" hash="FE-CE-91-AE-C1-38-E6-B8-40-24-CF-CA-F2-1F-DC-35-E9-E7-7A-B0">
      <ModulePath>C:\Program Files\dotnet\shared\Microsoft.NETCore.App\3.0.0\System.Resources.ResourceManager.dll</ModulePath>
      <ModuleTime>2019-09-13T06:08:46Z</ModuleTime>
      <ModuleName>System.Resources.ResourceManager</ModuleName>
      <Classes />
    </Module>
    <Module skippedDueTo="Filter" hash="E3-5C-E5-90-30-2C-B5-87-B5-83-B9-9E-8F-80-02-8B-B4-C0-73-A9">
      <ModulePath>C:\Program Files\dotnet\shared\Microsoft.NETCore.App\3.0.0\System.Private.Xml.Linq.dll</ModulePath>
      <ModuleTime>2019-09-13T06:08:50Z</ModuleTime>
      <ModuleName>System.Private.Xml.Linq</ModuleName>
      <Classes />
    </Module>
    <Module skippedDueTo="Filter" hash="52-38-E6-CB-03-F4-99-63-64-20-03-AD-85-87-4A-69-39-10-E9-9B">
      <ModulePath>C:\Program Files\dotnet\shared\Microsoft.NETCore.App\3.0.0\System.Private.Xml.dll</ModulePath>
      <ModuleTime>2019-09-13T06:08:50Z</ModuleTime>
      <ModuleName>System.Private.Xml</ModuleName>
      <Classes />
    </Module>
    <Module skippedDueTo="Filter" hash="45-A3-13-7F-A1-32-51-53-F3-C2-99-A1-8E-7B-B9-68-D7-13-E1-B8">
      <ModulePath>C:\Program Files\dotnet\shared\Microsoft.NETCore.App\3.0.0\System.Xml.ReaderWriter.dll</ModulePath>
      <ModuleTime>2019-09-13T06:08:48Z</ModuleTime>
      <ModuleName>System.Xml.ReaderWriter</ModuleName>
      <Classes />
    </Module>
    <Module skippedDueTo="Filter" hash="4C-DC-2C-84-3C-14-D6-AC-1E-91-43-36-F0-1E-24-83-A9-BE-F6-D3">
      <ModulePath>C:\Program Files\dotnet\shared\Microsoft.NETCore.App\3.0.0\System.Diagnostics.Tracing.dll</ModulePath>
      <ModuleTime>2019-09-13T06:08:58Z</ModuleTime>
      <ModuleName>System.Diagnostics.Tracing</ModuleName>
      <Classes />
    </Module>
    <Module skippedDueTo="Filter" hash="25-3C-5A-82-38-22-BF-13-D9-A3-BE-75-EA-0E-CF-4F-BA-06-41-12">
      <ModulePath>C:\Program Files\dotnet\shared\Microsoft.NETCore.App\3.0.0\System.Threading.Tasks.dll</ModulePath>
      <ModuleTime>2019-09-13T06:08:58Z</ModuleTime>
      <ModuleName>System.Threading.Tasks</ModuleName>
      <Classes />
    </Module>
    <Module skippedDueTo="Filter" hash="40-F4-26-B6-FB-2D-77-A3-7F-DB-5C-F9-01-91-A8-F6-B5-E9-67-E7">
      <ModulePath>C:\Program Files\dotnet\shared\Microsoft.NETCore.App\3.0.0\System.Text.RegularExpressions.dll</ModulePath>
      <ModuleTime>2019-09-13T06:08:58Z</ModuleTime>
      <ModuleName>System.Text.RegularExpressions</ModuleName>
      <Classes />
    </Module>
    <Module skippedDueTo="Filter" hash="B5-05-36-8A-8B-F2-DB-8B-6F-47-C7-88-2D-05-AF-53-BE-35-79-16">
      <ModulePath>C:\Program Files\dotnet\shared\Microsoft.NETCore.App\3.0.0\System.Globalization.dll</ModulePath>
      <ModuleTime>2019-09-13T06:08:54Z</ModuleTime>
      <ModuleName>System.Globalization</ModuleName>
      <Classes />
    </Module>
    <Module skippedDueTo="Filter" hash="57-52-89-8D-07-6B-12-72-E7-E5-31-32-03-CF-14-CF-B7-C0-0B-3B">
      <ModulePath>C:\Program Files\dotnet\shared\Microsoft.NETCore.App\3.0.0\System.Reflection.Emit.ILGeneration.dll</ModulePath>
      <ModuleTime>2019-09-13T06:08:48Z</ModuleTime>
      <ModuleName>System.Reflection.Emit.ILGeneration</ModuleName>
      <Classes />
    </Module>
    <Module skippedDueTo="Filter" hash="0E-7C-0C-E2-4C-76-91-23-F0-C7-58-71-F4-74-7A-A8-25-78-AE-2F">
      <ModulePath>C:\Program Files\dotnet\shared\Microsoft.NETCore.App\3.0.0\System.Reflection.Emit.Lightweight.dll</ModulePath>
      <ModuleTime>2019-09-13T06:08:48Z</ModuleTime>
      <ModuleName>System.Reflection.Emit.Lightweight</ModuleName>
      <Classes />
    </Module>
    <Module skippedDueTo="Filter" hash="71-D4-C1-34-68-01-A5-E8-D3-30-70-B1-84-47-62-9D-06-2B-1E-22">
      <ModulePath>C:\Program Files\dotnet\shared\Microsoft.NETCore.App\3.0.0\System.Reflection.Primitives.dll</ModulePath>
      <ModuleTime>2019-09-13T06:08:48Z</ModuleTime>
      <ModuleName>System.Reflection.Primitives</ModuleName>
      <Classes />
    </Module>
    <Module skippedDueTo="MissingPdb" hash="96-28-99-13-31-C3-9A-A8-0E-BF-13-C7-F3-FA-D6-C7-73-21-A7-0F">
      <ModulePath>C:\Program Files\dotnet\sdk\3.0.100\Microsoft.TemplateEngine.Utils.dll</ModulePath>
      <ModuleTime>2019-09-17T23:13:44Z</ModuleTime>
      <ModuleName>Microsoft.TemplateEngine.Utils</ModuleName>
      <Classes />
    </Module>
    <Module skippedDueTo="MissingPdb" hash="06-3E-50-46-72-4F-C4-E7-E7-53-99-D9-5A-97-A9-A8-1C-07-E8-51">
      <ModulePath>C:\Program Files\dotnet\shared\Microsoft.NETCore.App\3.0.0\Microsoft.Win32.Registry.dll</ModulePath>
      <ModuleTime>2019-09-13T06:08:46Z</ModuleTime>
      <ModuleName>Microsoft.Win32.Registry</ModuleName>
      <Classes />
    </Module>
    <Module skippedDueTo="MissingPdb" hash="C8-2D-C8-0F-59-70-8E-06-CB-22-BF-DF-A8-14-06-32-07-58-1A-F5">
      <ModulePath>C:\Program Files\dotnet\sdk\3.0.100\ja\dotnet.resources.dll</ModulePath>
      <ModuleTime>2019-09-17T21:39:02Z</ModuleTime>
      <ModuleName>dotnet.resources</ModuleName>
      <Classes />
    </Module>
    <Module skippedDueTo="Filter" hash="BE-92-37-9E-93-F6-09-D0-9B-08-25-71-88-E7-92-B7-90-0A-30-FA">
      <ModulePath>C:\Program Files\dotnet\shared\Microsoft.NETCore.App\3.0.0\System.Diagnostics.Tools.dll</ModulePath>
      <ModuleTime>2019-09-13T06:08:52Z</ModuleTime>
      <ModuleName>System.Diagnostics.Tools</ModuleName>
      <Classes />
    </Module>
    <Module skippedDueTo="Filter" hash="D3-13-C8-72-4C-29-B2-F7-F6-89-FD-80-FF-5F-D6-04-40-2E-5B-98">
      <ModulePath>C:\Program Files\dotnet\shared\Microsoft.NETCore.App\3.0.0\System.Diagnostics.Debug.dll</ModulePath>
      <ModuleTime>2019-09-13T06:08:46Z</ModuleTime>
      <ModuleName>System.Diagnostics.Debug</ModuleName>
      <Classes />
    </Module>
    <Module skippedDueTo="Filter" hash="BD-F1-88-A3-37-62-3D-E8-0F-EF-AF-51-E9-A1-F3-F1-5F-58-09-1B">
      <ModulePath>C:\Program Files\dotnet\shared\Microsoft.NETCore.App\3.0.0\System.IO.dll</ModulePath>
      <ModuleTime>2019-09-13T06:08:54Z</ModuleTime>
      <ModuleName>System.IO</ModuleName>
      <Classes />
    </Module>
    <Module skippedDueTo="Filter" hash="31-C4-CC-09-EF-D0-DA-A6-AD-9E-1D-04-1B-AB-56-DF-23-F6-82-00">
      <ModulePath>C:\Program Files\dotnet\shared\Microsoft.NETCore.App\3.0.0\System.Text.Encoding.dll</ModulePath>
      <ModuleTime>2019-09-13T06:08:56Z</ModuleTime>
      <ModuleName>System.Text.Encoding</ModuleName>
      <Classes />
    </Module>
    <Module skippedDueTo="Filter" hash="BC-DB-6A-18-18-A2-BA-25-25-75-DC-BE-AB-0E-E3-92-45-15-5E-7F">
      <ModulePath>C:\Program Files\dotnet\shared\Microsoft.NETCore.App\3.0.0\System.IO.Compression.dll</ModulePath>
      <ModuleTime>2019-09-13T06:08:52Z</ModuleTime>
      <ModuleName>System.IO.Compression</ModuleName>
      <Classes />
    </Module>
    <Module skippedDueTo="Filter" hash="C3-E6-43-A7-5E-29-C1-25-D5-0E-5D-E5-4F-E7-B8-5E-A5-8C-DA-88">
      <ModulePath>C:\Program Files\dotnet\shared\Microsoft.NETCore.App\3.0.0\System.Net.Http.dll</ModulePath>
      <ModuleTime>2019-09-13T06:08:58Z</ModuleTime>
      <ModuleName>System.Net.Http</ModuleName>
      <Classes />
    </Module>
    <Module skippedDueTo="Filter" hash="CF-E9-35-01-44-F1-22-1E-63-7F-C0-7F-CD-B4-F0-81-3F-85-C7-62">
      <ModulePath>C:\Program Files\dotnet\shared\Microsoft.NETCore.App\3.0.0\System.Net.Primitives.dll</ModulePath>
      <ModuleTime>2019-09-13T06:09:20Z</ModuleTime>
      <ModuleName>System.Net.Primitives</ModuleName>
      <Classes />
    </Module>
    <Module skippedDueTo="Filter" hash="7F-CD-1D-D3-BE-71-42-34-29-A7-F3-25-58-E5-50-64-8E-D4-58-6A">
      <ModulePath>C:\Program Files\dotnet\shared\Microsoft.NETCore.App\3.0.0\System.Net.Security.dll</ModulePath>
      <ModuleTime>2019-09-13T06:08:46Z</ModuleTime>
      <ModuleName>System.Net.Security</ModuleName>
      <Classes />
    </Module>
    <Module skippedDueTo="Filter" hash="59-BD-CE-C8-DB-54-74-85-5D-8F-D0-51-2C-1E-8F-7F-7F-59-F4-19">
      <ModulePath>C:\Program Files\dotnet\shared\Microsoft.NETCore.App\3.0.0\System.Security.Cryptography.X509Certificates.dll</ModulePath>
      <ModuleTime>2019-09-13T06:09:42Z</ModuleTime>
      <ModuleName>System.Security.Cryptography.X509Certificates</ModuleName>
      <Classes />
    </Module>
    <Module skippedDueTo="MissingPdb" hash="F5-C8-F3-39-A4-6A-6F-10-C9-72-09-3F-3B-DE-51-14-E6-FE-8E-81">
      <ModulePath>C:\Program Files\dotnet\sdk\3.0.100\Microsoft.Build.Framework.dll</ModulePath>
      <ModuleTime>2019-09-17T23:13:34Z</ModuleTime>
      <ModuleName>Microsoft.Build.Framework</ModuleName>
      <Classes />
    </Module>
    <Module skippedDueTo="Filter" hash="73-A7-B8-F0-30-CE-CB-C7-4C-E4-A4-5C-D6-EA-17-D4-F8-2A-21-E5">
      <ModulePath>C:\Program Files\dotnet\shared\Microsoft.NETCore.App\3.0.0\System.ComponentModel.Primitives.dll</ModulePath>
      <ModuleTime>2019-09-13T06:08:48Z</ModuleTime>
      <ModuleName>System.ComponentModel.Primitives</ModuleName>
      <Classes />
    </Module>
    <Module skippedDueTo="Filter" hash="9E-53-FC-6A-01-A6-34-84-0F-3D-8C-B3-50-A1-E5-09-40-E4-09-F2">
      <ModulePath>C:\Program Files\dotnet\shared\Microsoft.NETCore.App\3.0.0\System.Collections.NonGeneric.dll</ModulePath>
      <ModuleTime>2019-09-13T06:08:46Z</ModuleTime>
      <ModuleName>System.Collections.NonGeneric</ModuleName>
      <Classes />
    </Module>
    <Module skippedDueTo="MissingPdb" hash="89-89-F1-F7-96-64-06-49-3F-AB-83-C4-F9-39-D8-CC-66-E6-63-5D">
      <ModulePath>C:\Program Files\dotnet\shared\Microsoft.NETCore.App\3.0.0\Microsoft.Win32.Primitives.dll</ModulePath>
      <ModuleTime>2019-09-13T06:08:48Z</ModuleTime>
      <ModuleName>Microsoft.Win32.Primitives</ModuleName>
      <Classes />
    </Module>
    <Module skippedDueTo="Filter" hash="1E-50-59-CB-7E-42-BB-E7-C7-C2-F7-3A-23-94-67-72-09-56-B0-91">
      <ModulePath>C:\Program Files\dotnet\shared\Microsoft.NETCore.App\3.0.0\System.Private.CoreLib.dll</ModulePath>
      <ModuleTime>2019-09-12T14:05:06Z</ModuleTime>
      <ModuleName>System.Private.CoreLib</ModuleName>
      <Classes />
    </Module>
    <Module skippedDueTo="MissingPdb" hash="26-2A-90-74-B3-3A-04-C9-88-69-AB-41-D8-0C-C2-E9-A1-48-23-B9">
      <ModulePath>C:\Program Files\dotnet\sdk\3.0.100\MSBuild.dll</ModulePath>
      <ModuleTime>2019-09-17T23:13:36Z</ModuleTime>
      <ModuleName>MSBuild</ModuleName>
      <Classes />
    </Module>
    <Module skippedDueTo="Filter" hash="E8-63-7E-C0-ED-10-09-3B-34-3F-C8-46-46-40-E3-BE-56-5F-D8-64">
      <ModulePath>C:\Program Files\dotnet\shared\Microsoft.NETCore.App\3.0.0\System.Runtime.dll</ModulePath>
      <ModuleTime>2019-09-13T06:08:52Z</ModuleTime>
      <ModuleName>System.Runtime</ModuleName>
      <Classes />
    </Module>
    <Module skippedDueTo="Filter" hash="B3-34-CA-2B-39-F4-74-72-CC-34-4F-AC-8E-24-81-06-B0-52-9A-2B">
      <ModulePath>C:\Program Files\dotnet\shared\Microsoft.NETCore.App\3.0.0\System.Runtime.Extensions.dll</ModulePath>
      <ModuleTime>2019-09-13T06:08:56Z</ModuleTime>
      <ModuleName>System.Runtime.Extensions</ModuleName>
      <Classes />
    </Module>
    <Module skippedDueTo="Filter" hash="AF-E6-7B-01-02-B0-CA-AC-23-69-EF-E2-85-E2-A7-70-2B-E1-A9-14">
      <ModulePath>C:\Program Files\dotnet\shared\Microsoft.NETCore.App\3.0.0\System.Threading.dll</ModulePath>
      <ModuleTime>2019-09-13T06:08:58Z</ModuleTime>
      <ModuleName>System.Threading</ModuleName>
      <Classes />
    </Module>
    <Module skippedDueTo="Filter" hash="25-3C-5A-82-38-22-BF-13-D9-A3-BE-75-EA-0E-CF-4F-BA-06-41-12">
      <ModulePath>C:\Program Files\dotnet\shared\Microsoft.NETCore.App\3.0.0\System.Threading.Tasks.dll</ModulePath>
      <ModuleTime>2019-09-13T06:08:58Z</ModuleTime>
      <ModuleName>System.Threading.Tasks</ModuleName>
      <Classes />
    </Module>
    <Module skippedDueTo="Filter" hash="3D-1C-48-53-AC-33-D6-0A-6C-63-0E-BE-B3-B4-61-0C-47-D0-F4-99">
      <ModulePath>C:\Program Files\dotnet\shared\Microsoft.NETCore.App\3.0.0\System.Runtime.InteropServices.RuntimeInformation.dll</ModulePath>
      <ModuleTime>2019-09-13T06:08:54Z</ModuleTime>
      <ModuleName>System.Runtime.InteropServices.RuntimeInformation</ModuleName>
      <Classes />
    </Module>
    <Module skippedDueTo="Filter" hash="9A-37-A0-DF-9D-FC-A5-C2-E9-F6-5E-7E-A8-B5-A1-E7-99-18-9A-35">
      <ModulePath>C:\Program Files\dotnet\shared\Microsoft.NETCore.App\3.0.0\System.Diagnostics.Process.dll</ModulePath>
      <ModuleTime>2019-09-13T06:08:50Z</ModuleTime>
      <ModuleName>System.Diagnostics.Process</ModuleName>
      <Classes />
    </Module>
    <Module skippedDueTo="Filter" hash="73-A7-B8-F0-30-CE-CB-C7-4C-E4-A4-5C-D6-EA-17-D4-F8-2A-21-E5">
      <ModulePath>C:\Program Files\dotnet\shared\Microsoft.NETCore.App\3.0.0\System.ComponentModel.Primitives.dll</ModulePath>
      <ModuleTime>2019-09-13T06:08:48Z</ModuleTime>
      <ModuleName>System.ComponentModel.Primitives</ModuleName>
      <Classes />
    </Module>
    <Module skippedDueTo="Filter" hash="CA-D6-18-24-89-5E-4A-82-1B-D3-0E-1A-68-B7-50-F2-79-EA-29-2B">
      <ModulePath>C:\Program Files\dotnet\shared\Microsoft.NETCore.App\3.0.0\System.Linq.dll</ModulePath>
      <ModuleTime>2019-09-13T06:08:54Z</ModuleTime>
      <ModuleName>System.Linq</ModuleName>
      <Classes />
    </Module>
    <Module skippedDueTo="Filter" hash="40-F4-26-B6-FB-2D-77-A3-7F-DB-5C-F9-01-91-A8-F6-B5-E9-67-E7">
      <ModulePath>C:\Program Files\dotnet\shared\Microsoft.NETCore.App\3.0.0\System.Text.RegularExpressions.dll</ModulePath>
      <ModuleTime>2019-09-13T06:08:58Z</ModuleTime>
      <ModuleName>System.Text.RegularExpressions</ModuleName>
      <Classes />
    </Module>
    <Module skippedDueTo="Filter" hash="40-AA-30-B8-EF-40-FF-6F-82-15-0E-3D-1C-C5-24-B7-C8-AA-18-90">
      <ModulePath>C:\Program Files\dotnet\shared\Microsoft.NETCore.App\3.0.0\System.Collections.dll</ModulePath>
      <ModuleTime>2019-09-13T06:08:46Z</ModuleTime>
      <ModuleName>System.Collections</ModuleName>
      <Classes />
    </Module>
    <Module skippedDueTo="Filter" hash="94-14-03-F1-37-73-63-17-D3-F8-F4-74-97-49-D0-A1-13-D5-06-89">
      <ModulePath>C:\Program Files\dotnet\shared\Microsoft.NETCore.App\3.0.0\System.Memory.dll</ModulePath>
      <ModuleTime>2019-09-13T06:08:56Z</ModuleTime>
      <ModuleName>System.Memory</ModuleName>
      <Classes />
    </Module>
    <Module skippedDueTo="Filter" hash="9A-3F-13-63-C8-C8-E9-25-E9-A8-7C-4F-02-C7-3F-CD-BF-CB-6E-AD">
      <ModulePath>C:\Program Files\dotnet\shared\Microsoft.NETCore.App\3.0.0\System.Buffers.dll</ModulePath>
      <ModuleTime>2019-09-13T06:08:48Z</ModuleTime>
      <ModuleName>System.Buffers</ModuleName>
      <Classes />
    </Module>
    <Module skippedDueTo="Filter" hash="B4-74-FB-94-9C-4A-9F-B5-B4-12-8F-5B-FA-1C-51-F1-8A-1B-38-BF">
      <ModulePath>C:\Program Files\dotnet\shared\Microsoft.NETCore.App\3.0.0\System.IO.FileSystem.dll</ModulePath>
      <ModuleTime>2019-09-13T06:08:52Z</ModuleTime>
      <ModuleName>System.IO.FileSystem</ModuleName>
      <Classes />
    </Module>
    <Module skippedDueTo="Filter" hash="BA-7B-5C-E2-62-EA-0A-F2-61-10-E2-9E-C1-36-85-12-93-E7-2B-8E">
      <ModulePath>C:\Program Files\dotnet\shared\Microsoft.NETCore.App\3.0.0\System.Runtime.InteropServices.dll</ModulePath>
      <ModuleTime>2019-09-13T06:08:52Z</ModuleTime>
      <ModuleName>System.Runtime.InteropServices</ModuleName>
      <Classes />
    </Module>
    <Module skippedDueTo="Filter" hash="36-0B-1C-49-EB-C1-89-08-AC-4B-28-61-BC-51-24-3C-5E-88-66-C2">
      <ModulePath>C:\Program Files\dotnet\shared\Microsoft.NETCore.App\3.0.0\System.Console.dll</ModulePath>
      <ModuleTime>2019-09-13T06:08:50Z</ModuleTime>
      <ModuleName>System.Console</ModuleName>
      <Classes />
    </Module>
    <Module skippedDueTo="MissingPdb" hash="F5-C8-F3-39-A4-6A-6F-10-C9-72-09-3F-3B-DE-51-14-E6-FE-8E-81">
      <ModulePath>C:\Program Files\dotnet\sdk\3.0.100\Microsoft.Build.Framework.dll</ModulePath>
      <ModuleTime>2019-09-17T23:13:34Z</ModuleTime>
      <ModuleName>Microsoft.Build.Framework</ModuleName>
      <Classes />
    </Module>
    <Module skippedDueTo="MissingPdb" hash="C8-A7-11-DF-64-73-4F-55-1F-76-CD-D1-F7-DB-23-00-F4-0A-21-44">
      <ModulePath>C:\Program Files\dotnet\shared\Microsoft.NETCore.App\3.0.0\netstandard.dll</ModulePath>
      <ModuleTime>2019-09-13T06:08:48Z</ModuleTime>
      <ModuleName>netstandard</ModuleName>
      <Classes />
    </Module>
    <Module skippedDueTo="MissingPdb" hash="63-B9-B3-24-3B-AF-AA-87-A9-B8-20-B9-1D-40-47-F7-5B-B6-68-81">
      <ModulePath>C:\Program Files\dotnet\sdk\3.0.100\Microsoft.Build.dll</ModulePath>
      <ModuleTime>2019-09-17T23:13:36Z</ModuleTime>
      <ModuleName>Microsoft.Build</ModuleName>
      <Classes />
    </Module>
    <Module skippedDueTo="Filter" hash="D3-13-C8-72-4C-29-B2-F7-F6-89-FD-80-FF-5F-D6-04-40-2E-5B-98">
      <ModulePath>C:\Program Files\dotnet\shared\Microsoft.NETCore.App\3.0.0\System.Diagnostics.Debug.dll</ModulePath>
      <ModuleTime>2019-09-13T06:08:46Z</ModuleTime>
      <ModuleName>System.Diagnostics.Debug</ModuleName>
      <Classes />
    </Module>
    <Module skippedDueTo="Filter" hash="95-FF-6D-AC-D4-0B-D8-B8-DA-AD-E3-4E-88-1F-4F-EA-2F-25-93-E1">
      <ModulePath>C:\Program Files\dotnet\shared\Microsoft.NETCore.App\3.0.0\System.Text.Encoding.CodePages.dll</ModulePath>
      <ModuleTime>2019-09-13T06:08:54Z</ModuleTime>
      <ModuleName>System.Text.Encoding.CodePages</ModuleName>
      <Classes />
    </Module>
    <Module skippedDueTo="Filter" hash="40-DD-05-DC-32-C6-D4-F0-5C-A6-42-3F-46-12-83-2A-7A-20-58-AE">
      <ModulePath>C:\Program Files\dotnet\shared\Microsoft.NETCore.App\3.0.0\System.Collections.Concurrent.dll</ModulePath>
      <ModuleTime>2019-09-13T06:08:48Z</ModuleTime>
      <ModuleName>System.Collections.Concurrent</ModuleName>
      <Classes />
    </Module>
    <Module skippedDueTo="MissingPdb" hash="ED-B1-3C-3A-AC-20-BE-78-55-3A-53-50-74-69-96-AC-85-7D-82-15">
      <ModulePath>C:\Program Files\dotnet\sdk\3.0.100\dotnet.dll</ModulePath>
      <ModuleTime>2019-09-17T23:13:34Z</ModuleTime>
      <ModuleName>dotnet</ModuleName>
      <Classes />
    </Module>
    <Module skippedDueTo="MissingPdb" hash="90-7B-50-44-1B-DB-3A-B1-02-E7-91-88-D7-88-62-99-50-6A-2E-02">
      <ModulePath>C:\Program Files\dotnet\sdk\3.0.100\Microsoft.DotNet.Configurer.dll</ModulePath>
      <ModuleTime>2019-09-17T23:13:38Z</ModuleTime>
      <ModuleName>Microsoft.DotNet.Configurer</ModuleName>
      <Classes />
    </Module>
    <Module skippedDueTo="MissingPdb" hash="9F-AB-F7-A7-4C-A9-95-F8-16-BF-96-E6-7E-41-DF-EF-F1-71-AE-C9">
      <ModulePath>C:\Program Files\dotnet\sdk\3.0.100\Microsoft.DotNet.InternalAbstractions.dll</ModulePath>
      <ModuleTime>2019-09-17T23:13:40Z</ModuleTime>
      <ModuleName>Microsoft.DotNet.InternalAbstractions</ModuleName>
      <Classes />
    </Module>
    <Module skippedDueTo="MissingPdb" hash="EA-68-65-33-7F-E1-90-A5-12-C5-72-AD-59-96-0E-22-D5-C8-CF-90">
      <ModulePath>C:\Program Files\dotnet\sdk\3.0.100\Microsoft.DotNet.Cli.Utils.dll</ModulePath>
      <ModuleTime>2019-09-17T23:13:34Z</ModuleTime>
      <ModuleName>Microsoft.DotNet.Cli.Utils</ModuleName>
      <Classes />
    </Module>
    <Module skippedDueTo="Filter" hash="DD-4B-1C-39-C2-71-7A-6A-EB-F8-06-10-83-5A-8D-F5-76-A1-74-EE">
      <ModulePath>C:\Program Files\dotnet\shared\Microsoft.NETCore.App\3.0.0\System.Text.Encoding.Extensions.dll</ModulePath>
      <ModuleTime>2019-09-13T06:08:56Z</ModuleTime>
      <ModuleName>System.Text.Encoding.Extensions</ModuleName>
      <Classes />
    </Module>
    <Module skippedDueTo="MissingPdb" hash="6B-BE-10-CF-02-90-BC-66-FA-2D-07-13-07-A6-2B-39-2A-39-D0-9B">
      <ModulePath>C:\Program Files\dotnet\sdk\3.0.100\Microsoft.ApplicationInsights.dll</ModulePath>
      <ModuleTime>2019-09-17T23:13:36Z</ModuleTime>
      <ModuleName>Microsoft.ApplicationInsights</ModuleName>
      <Classes />
    </Module>
    <Module skippedDueTo="MissingPdb" hash="3F-12-95-69-CE-16-B5-4B-E8-2C-EA-21-CC-1F-D4-6F-8F-8E-23-96">
      <ModulePath>C:\Program Files\dotnet\sdk\3.0.100\Microsoft.DotNet.PlatformAbstractions.dll</ModulePath>
      <ModuleTime>2019-09-17T23:13:44Z</ModuleTime>
      <ModuleName>Microsoft.DotNet.PlatformAbstractions</ModuleName>
      <Classes />
    </Module>
    <Module skippedDueTo="Filter" hash="DA-38-ED-F1-95-29-82-D7-42-FD-37-C2-20-F6-D5-7C-61-0C-BF-C2">
      <ModulePath>C:\Program Files\dotnet\shared\Microsoft.NETCore.App\3.0.0\System.Runtime.CompilerServices.Unsafe.dll</ModulePath>
      <ModuleTime>2019-09-13T06:08:52Z</ModuleTime>
      <ModuleName>System.Runtime.CompilerServices.Unsafe</ModuleName>
      <Classes />
    </Module>
    <Module skippedDueTo="Filter" hash="A8-E5-A4-B3-25-3A-51-9D-CA-61-D4-47-79-0E-2B-83-0E-7F-5E-8B">
      <ModulePath>C:\Program Files\dotnet\shared\Microsoft.NETCore.App\3.0.0\System.Private.Uri.dll</ModulePath>
      <ModuleTime>2019-09-13T06:08:46Z</ModuleTime>
      <ModuleName>System.Private.Uri</ModuleName>
      <Classes />
    </Module>
    <Module skippedDueTo="Filter" hash="A6-4C-2C-FE-9C-5F-FA-EF-7F-3C-A4-1E-85-CF-B6-85-2F-B9-B7-E3">
      <ModulePath>C:\Program Files\dotnet\shared\Microsoft.NETCore.App\3.0.0\System.Reflection.Extensions.dll</ModulePath>
      <ModuleTime>2019-09-13T06:08:50Z</ModuleTime>
      <ModuleName>System.Reflection.Extensions</ModuleName>
      <Classes />
    </Module>
    <Module skippedDueTo="Filter" hash="E2-66-F9-3A-F6-AF-E5-6F-4D-92-B9-54-23-AB-33-D5-1F-B6-BE-A4">
      <ModulePath>C:\Program Files\dotnet\shared\Microsoft.NETCore.App\3.0.0\System.Reflection.dll</ModulePath>
      <ModuleTime>2019-09-13T06:08:50Z</ModuleTime>
      <ModuleName>System.Reflection</ModuleName>
      <Classes />
    </Module>
    <Module skippedDueTo="Filter" hash="43-B8-08-16-7C-1F-05-64-F5-A6-6F-20-1C-4A-1D-E3-5D-02-B9-56">
      <ModulePath>C:\Program Files\dotnet\shared\Microsoft.NETCore.App\3.0.0\System.Xml.XDocument.dll</ModulePath>
      <ModuleTime>2019-09-13T06:08:46Z</ModuleTime>
      <ModuleName>System.Xml.XDocument</ModuleName>
      <Classes />
    </Module>
    <Module skippedDueTo="Filter" hash="E3-5C-E5-90-30-2C-B5-87-B5-83-B9-9E-8F-80-02-8B-B4-C0-73-A9">
      <ModulePath>C:\Program Files\dotnet\shared\Microsoft.NETCore.App\3.0.0\System.Private.Xml.Linq.dll</ModulePath>
      <ModuleTime>2019-09-13T06:08:50Z</ModuleTime>
      <ModuleName>System.Private.Xml.Linq</ModuleName>
      <Classes />
    </Module>
    <Module skippedDueTo="Filter" hash="E3-94-86-4C-08-E8-45-2B-B4-E4-A8-98-AD-86-09-48-EB-0D-55-70">
      <ModulePath>C:\Program Files\dotnet\shared\Microsoft.NETCore.App\3.0.0\System.Threading.Thread.dll</ModulePath>
      <ModuleTime>2019-09-13T06:08:46Z</ModuleTime>
      <ModuleName>System.Threading.Thread</ModuleName>
      <Classes />
    </Module>
    <Module skippedDueTo="Filter" hash="52-38-E6-CB-03-F4-99-63-64-20-03-AD-85-87-4A-69-39-10-E9-9B">
      <ModulePath>C:\Program Files\dotnet\shared\Microsoft.NETCore.App\3.0.0\System.Private.Xml.dll</ModulePath>
      <ModuleTime>2019-09-13T06:08:50Z</ModuleTime>
      <ModuleName>System.Private.Xml</ModuleName>
      <Classes />
    </Module>
    <Module skippedDueTo="Filter" hash="45-A3-13-7F-A1-32-51-53-F3-C2-99-A1-8E-7B-B9-68-D7-13-E1-B8">
      <ModulePath>C:\Program Files\dotnet\shared\Microsoft.NETCore.App\3.0.0\System.Xml.ReaderWriter.dll</ModulePath>
      <ModuleTime>2019-09-13T06:08:48Z</ModuleTime>
      <ModuleName>System.Xml.ReaderWriter</ModuleName>
      <Classes />
    </Module>
    <Module skippedDueTo="Filter" hash="4C-DC-2C-84-3C-14-D6-AC-1E-91-43-36-F0-1E-24-83-A9-BE-F6-D3">
      <ModulePath>C:\Program Files\dotnet\shared\Microsoft.NETCore.App\3.0.0\System.Diagnostics.Tracing.dll</ModulePath>
      <ModuleTime>2019-09-13T06:08:58Z</ModuleTime>
      <ModuleName>System.Diagnostics.Tracing</ModuleName>
      <Classes />
    </Module>
    <Module skippedDueTo="Filter" hash="B5-05-36-8A-8B-F2-DB-8B-6F-47-C7-88-2D-05-AF-53-BE-35-79-16">
      <ModulePath>C:\Program Files\dotnet\shared\Microsoft.NETCore.App\3.0.0\System.Globalization.dll</ModulePath>
      <ModuleTime>2019-09-13T06:08:54Z</ModuleTime>
      <ModuleName>System.Globalization</ModuleName>
      <Classes />
    </Module>
    <Module skippedDueTo="Filter" hash="08-92-24-95-67-3E-82-65-A0-94-D3-C2-2A-AF-C7-12-14-A4-A3-9E">
      <ModulePath>C:\Program Files\dotnet\shared\Microsoft.NETCore.App\3.0.0\System.Threading.Tasks.Dataflow.dll</ModulePath>
      <ModuleTime>2019-09-13T06:08:58Z</ModuleTime>
      <ModuleName>System.Threading.Tasks.Dataflow</ModuleName>
      <Classes />
    </Module>
    <Module skippedDueTo="Filter" hash="BB-21-29-CE-C1-DE-99-AC-1B-83-08-87-CB-FC-FD-E1-6A-71-62-56">
      <ModulePath>C:\Program Files\dotnet\shared\Microsoft.NETCore.App\3.0.0\System.Security.Cryptography.Algorithms.dll</ModulePath>
      <ModuleTime>2019-09-13T06:08:52Z</ModuleTime>
      <ModuleName>System.Security.Cryptography.Algorithms</ModuleName>
      <Classes />
    </Module>
    <Module skippedDueTo="Filter" hash="D8-97-6F-49-FB-A9-EA-18-73-DE-CF-B4-6D-FE-D4-06-62-10-0F-98">
      <ModulePath>C:\Program Files\dotnet\shared\Microsoft.NETCore.App\3.0.0\System.Security.Cryptography.Primitives.dll</ModulePath>
      <ModuleTime>2019-09-13T06:08:54Z</ModuleTime>
      <ModuleName>System.Security.Cryptography.Primitives</ModuleName>
      <Classes />
    </Module>
    <Module skippedDueTo="MissingPdb" hash="06-3E-50-46-72-4F-C4-E7-E7-53-99-D9-5A-97-A9-A8-1C-07-E8-51">
      <ModulePath>C:\Program Files\dotnet\shared\Microsoft.NETCore.App\3.0.0\Microsoft.Win32.Registry.dll</ModulePath>
      <ModuleTime>2019-09-13T06:08:46Z</ModuleTime>
      <ModuleName>Microsoft.Win32.Registry</ModuleName>
      <Classes />
    </Module>
    <Module skippedDueTo="Filter" hash="FE-CE-91-AE-C1-38-E6-B8-40-24-CF-CA-F2-1F-DC-35-E9-E7-7A-B0">
      <ModulePath>C:\Program Files\dotnet\shared\Microsoft.NETCore.App\3.0.0\System.Resources.ResourceManager.dll</ModulePath>
      <ModuleTime>2019-09-13T06:08:46Z</ModuleTime>
      <ModuleName>System.Resources.ResourceManager</ModuleName>
      <Classes />
    </Module>
    <Module skippedDueTo="MissingPdb" hash="39-00-50-BB-2D-83-8D-0F-E6-05-D4-51-5D-4C-4A-23-B1-05-AD-DA">
      <ModulePath>C:\Program Files\dotnet\sdk\3.0.100\ja\Microsoft.Build.resources.dll</ModulePath>
      <ModuleTime>2019-09-13T13:41:56Z</ModuleTime>
      <ModuleName>Microsoft.Build.resources</ModuleName>
      <Classes />
    </Module>
    <Module skippedDueTo="Filter" hash="B9-83-0B-1E-B5-B7-1E-3B-CE-9B-C7-03-E0-AD-E3-6B-64-9D-17-83">
      <ModulePath>C:\Program Files\dotnet\shared\Microsoft.NETCore.App\3.0.0\System.ObjectModel.dll</ModulePath>
      <ModuleTime>2019-09-13T06:08:50Z</ModuleTime>
      <ModuleName>System.ObjectModel</ModuleName>
      <Classes />
    </Module>
    <Module skippedDueTo="Filter" hash="89-D9-4A-93-C8-D6-56-29-76-41-F1-E1-0C-05-AC-7B-DC-BC-0C-D5">
      <ModulePath>C:\Program Files\dotnet\shared\Microsoft.NETCore.App\3.0.0\System.Diagnostics.TraceSource.dll</ModulePath>
      <ModuleTime>2019-09-13T06:08:54Z</ModuleTime>
      <ModuleName>System.Diagnostics.TraceSource</ModuleName>
      <Classes />
    </Module>
    <Module skippedDueTo="Filter" hash="9A-55-C2-F3-0E-6F-C2-63-79-90-C0-7B-02-7F-58-E7-45-C4-D1-03">
      <ModulePath>C:\Program Files\dotnet\shared\Microsoft.NETCore.App\3.0.0\System.Collections.Immutable.dll</ModulePath>
      <ModuleTime>2019-09-13T06:08:46Z</ModuleTime>
      <ModuleName>System.Collections.Immutable</ModuleName>
      <Classes />
    </Module>
    <Module skippedDueTo="Filter" hash="A1-6B-ED-9F-A3-46-78-D4-5B-DF-0A-11-7F-F3-C5-97-1E-49-58-16">
      <ModulePath>C:\Program Files\dotnet\shared\Microsoft.NETCore.App\3.0.0\System.Runtime.Loader.dll</ModulePath>
      <ModuleTime>2019-09-13T06:08:56Z</ModuleTime>
      <ModuleName>System.Runtime.Loader</ModuleName>
      <Classes />
    </Module>
    <Module skippedDueTo="MissingPdb" hash="A4-1E-9A-46-42-B4-DC-28-EB-47-82-C7-8B-B4-B1-22-EE-84-F2-7F">
      <ModulePath>C:\Program Files\dotnet\sdk\3.0.100\Microsoft.Build.NuGetSdkResolver.dll</ModulePath>
      <ModuleTime>2019-09-17T23:13:38Z</ModuleTime>
      <ModuleName>Microsoft.Build.NuGetSdkResolver</ModuleName>
      <Classes />
    </Module>
    <Module skippedDueTo="Filter" hash="48-8E-67-CB-EA-98-52-A9-07-30-32-A6-30-4B-76-88-97-2A-BC-A6">
      <ModulePath>C:\Program Files\dotnet\shared\Microsoft.NETCore.App\3.0.0\System.Diagnostics.FileVersionInfo.dll</ModulePath>
      <ModuleTime>2019-09-13T06:08:50Z</ModuleTime>
      <ModuleName>System.Diagnostics.FileVersionInfo</ModuleName>
      <Classes />
    </Module>
    <Module skippedDueTo="Filter" hash="75-15-1A-30-DB-4F-85-9E-36-BA-EF-85-36-B8-DE-BF-18-A4-9F-4B">
      <ModulePath>C:\Program Files\dotnet\shared\Microsoft.NETCore.App\3.0.0\System.Threading.Tasks.Parallel.dll</ModulePath>
      <ModuleTime>2019-09-13T06:08:58Z</ModuleTime>
      <ModuleName>System.Threading.Tasks.Parallel</ModuleName>
      <Classes />
    </Module>
    <Module skippedDueTo="MissingPdb" hash="14-D8-C7-00-B7-F7-88-5A-37-86-26-20-7A-FE-65-AA-61-E7-FB-1F">
      <ModulePath>C:\Program Files\dotnet\sdk\3.0.100\Microsoft.Build.Utilities.Core.dll</ModulePath>
      <ModuleTime>2019-09-17T23:13:34Z</ModuleTime>
      <ModuleName>Microsoft.Build.Utilities.Core</ModuleName>
      <Classes />
    </Module>
    <Module skippedDueTo="Filter" hash="57-52-89-8D-07-6B-12-72-E7-E5-31-32-03-CF-14-CF-B7-C0-0B-3B">
      <ModulePath>C:\Program Files\dotnet\shared\Microsoft.NETCore.App\3.0.0\System.Reflection.Emit.ILGeneration.dll</ModulePath>
      <ModuleTime>2019-09-13T06:08:48Z</ModuleTime>
      <ModuleName>System.Reflection.Emit.ILGeneration</ModuleName>
      <Classes />
    </Module>
    <Module skippedDueTo="Filter" hash="0E-7C-0C-E2-4C-76-91-23-F0-C7-58-71-F4-74-7A-A8-25-78-AE-2F">
      <ModulePath>C:\Program Files\dotnet\shared\Microsoft.NETCore.App\3.0.0\System.Reflection.Emit.Lightweight.dll</ModulePath>
      <ModuleTime>2019-09-13T06:08:48Z</ModuleTime>
      <ModuleName>System.Reflection.Emit.Lightweight</ModuleName>
      <Classes />
    </Module>
    <Module skippedDueTo="Filter" hash="71-D4-C1-34-68-01-A5-E8-D3-30-70-B1-84-47-62-9D-06-2B-1E-22">
      <ModulePath>C:\Program Files\dotnet\shared\Microsoft.NETCore.App\3.0.0\System.Reflection.Primitives.dll</ModulePath>
      <ModuleTime>2019-09-13T06:08:48Z</ModuleTime>
      <ModuleName>System.Reflection.Primitives</ModuleName>
      <Classes />
    </Module>
    <Module skippedDueTo="MissingPdb" hash="4C-39-F4-D8-6D-24-94-5A-E6-5C-FE-12-17-C2-CC-34-0A-D8-04-59">
      <ModulePath>C:\Program Files\dotnet\sdk\3.0.100\Microsoft.Build.Tasks.Core.dll</ModulePath>
      <ModuleTime>2019-09-17T23:13:38Z</ModuleTime>
      <ModuleName>Microsoft.Build.Tasks.Core</ModuleName>
      <Classes />
    </Module>
    <Module skippedDueTo="Filter" hash="C0-63-D8-A1-46-3C-77-1C-CA-1F-9A-AF-2F-F2-89-04-70-34-28-14">
      <ModulePath>C:\Program Files\dotnet\shared\Microsoft.NETCore.App\3.0.0\System.Threading.ThreadPool.dll</ModulePath>
      <ModuleTime>2019-09-13T06:08:48Z</ModuleTime>
      <ModuleName>System.Threading.ThreadPool</ModuleName>
      <Classes />
    </Module>
    <Module skippedDueTo="MissingPdb" hash="40-98-6A-B8-13-F3-1A-60-8C-B5-39-0C-00-A0-68-01-FF-DF-57-EE">
      <ModulePath>C:\Program Files\dotnet\sdk\3.0.100\NuGet.Build.Tasks.dll</ModulePath>
      <ModuleTime>2019-09-17T23:13:44Z</ModuleTime>
      <ModuleName>NuGet.Build.Tasks</ModuleName>
      <Classes />
    </Module>
    <Module skippedDueTo="MissingPdb" hash="85-1E-ED-0D-77-6B-67-7F-EE-45-B9-C5-FA-45-F5-B1-4C-0E-79-DF">
      <ModulePath>C:\Program Files\dotnet\sdk\3.0.100\NuGet.Commands.dll</ModulePath>
      <ModuleTime>2019-09-17T23:13:46Z</ModuleTime>
      <ModuleName>NuGet.Commands</ModuleName>
      <Classes />
    </Module>
    <Module skippedDueTo="MissingPdb" hash="B1-CE-20-1F-2D-28-6E-BF-CD-84-1D-68-E3-D1-8D-D1-76-4C-EF-1D">
      <ModulePath>C:\Program Files\dotnet\sdk\3.0.100\NuGet.Common.dll</ModulePath>
      <ModuleTime>2019-09-17T23:13:46Z</ModuleTime>
      <ModuleName>NuGet.Common</ModuleName>
      <Classes />
    </Module>
    <Module skippedDueTo="Filter" hash="9E-53-FC-6A-01-A6-34-84-0F-3D-8C-B3-50-A1-E5-09-40-E4-09-F2">
      <ModulePath>C:\Program Files\dotnet\shared\Microsoft.NETCore.App\3.0.0\System.Collections.NonGeneric.dll</ModulePath>
      <ModuleTime>2019-09-13T06:08:46Z</ModuleTime>
      <ModuleName>System.Collections.NonGeneric</ModuleName>
      <Classes />
    </Module>
    <Module skippedDueTo="MissingPdb" hash="89-89-F1-F7-96-64-06-49-3F-AB-83-C4-F9-39-D8-CC-66-E6-63-5D">
      <ModulePath>C:\Program Files\dotnet\shared\Microsoft.NETCore.App\3.0.0\Microsoft.Win32.Primitives.dll</ModulePath>
      <ModuleTime>2019-09-13T06:08:48Z</ModuleTime>
      <ModuleName>Microsoft.Win32.Primitives</ModuleName>
      <Classes />
    </Module>
    <Module skippedDueTo="Filter" hash="27-AE-4D-19-BA-0B-6F-50-37-E5-1C-D0-98-2D-99-96-71-33-3C-88">
      <ModulePath>C:\Program Files\dotnet\shared\Microsoft.NETCore.App\3.0.0\System.ComponentModel.dll</ModulePath>
      <ModuleTime>2019-09-13T06:08:50Z</ModuleTime>
      <ModuleName>System.ComponentModel</ModuleName>
      <Classes />
    </Module>
    <Module skippedDueTo="MissingPdb" hash="E8-B4-C6-03-2A-C9-13-2D-46-5B-08-E2-03-9F-0D-75-29-71-1A-97">
      <ModulePath>C:\Program Files\dotnet\sdk\3.0.100\Sdks\Microsoft.NET.Sdk\targets\..\tools\netcoreapp2.1/Microsoft.NET.Build.Tasks.dll</ModulePath>
      <ModuleTime>2019-09-17T23:13:46Z</ModuleTime>
      <ModuleName>Microsoft.NET.Build.Tasks</ModuleName>
      <Classes />
    </Module>
    <Module skippedDueTo="MissingPdb" hash="68-39-C7-B0-C2-E2-02-A0-BD-4A-B1-92-43-91-9A-F7-4F-C3-F9-81">
      <ModulePath>C:\Program Files\dotnet\sdk\3.0.100\NuGet.Frameworks.dll</ModulePath>
      <ModuleTime>2019-09-17T23:13:46Z</ModuleTime>
      <ModuleName>NuGet.Frameworks</ModuleName>
      <Classes />
    </Module>
    <Module skippedDueTo="MissingPdb" hash="0D-B5-A9-3B-82-4C-71-FF-42-2C-6B-C5-45-74-4D-F5-07-41-E7-94">
      <ModulePath>C:\Program Files\dotnet\sdk\3.0.100\NuGet.Packaging.dll</ModulePath>
      <ModuleTime>2019-09-17T23:13:48Z</ModuleTime>
      <ModuleName>NuGet.Packaging</ModuleName>
      <Classes />
    </Module>
    <Module skippedDueTo="MissingPdb" hash="DC-A3-90-CE-F7-53-3F-D4-CD-2E-2F-7C-3D-54-FB-63-EB-3E-96-7C">
      <ModulePath>C:\Program Files\dotnet\sdk\3.0.100\Newtonsoft.Json.dll</ModulePath>
      <ModuleTime>2019-09-17T23:13:30Z</ModuleTime>
      <ModuleName>Newtonsoft.Json</ModuleName>
      <Classes />
    </Module>
    <Module skippedDueTo="Filter" hash="F0-C5-5E-36-2E-5F-3B-A9-17-13-1D-2E-40-36-88-64-7C-E7-E4-88">
      <ModulePath>C:\Program Files\dotnet\shared\Microsoft.NETCore.App\3.0.0\System.Linq.Expressions.dll</ModulePath>
      <ModuleTime>2019-09-13T06:08:56Z</ModuleTime>
      <ModuleName>System.Linq.Expressions</ModuleName>
      <Classes />
    </Module>
    <Module skippedDueTo="Filter" hash="A2-50-01-98-2B-F7-40-15-C7-8B-56-B8-3A-40-06-75-D2-A5-6B-DF">
      <ModulePath>C:\Program Files\dotnet\shared\Microsoft.NETCore.App\3.0.0\System.ComponentModel.TypeConverter.dll</ModulePath>
      <ModuleTime>2019-09-13T06:08:50Z</ModuleTime>
      <ModuleName>System.ComponentModel.TypeConverter</ModuleName>
      <Classes />
    </Module>
    <Module skippedDueTo="Filter" hash="92-1F-23-4C-3A-A2-4C-9B-4C-81-F9-CB-3A-2F-D3-20-7B-08-3D-3F">
      <ModulePath>C:\Program Files\dotnet\shared\Microsoft.NETCore.App\3.0.0\System.Runtime.Numerics.dll</ModulePath>
      <ModuleTime>2019-09-13T06:08:58Z</ModuleTime>
      <ModuleName>System.Runtime.Numerics</ModuleName>
      <Classes />
    </Module>
    <Module skippedDueTo="MissingPdb" hash="EE-50-66-39-FF-FF-95-92-B0-44-CB-6C-AD-7E-57-F2-9E-E6-66-9F">
      <ModulePath>C:\Program Files\dotnet\sdk\3.0.100\NuGet.Configuration.dll</ModulePath>
      <ModuleTime>2019-09-17T23:13:46Z</ModuleTime>
      <ModuleName>NuGet.Configuration</ModuleName>
      <Classes />
    </Module>
    <Module skippedDueTo="MissingPdb" hash="02-2F-4D-B2-E0-00-49-6F-9F-7B-54-0B-2D-E6-F5-B7-52-89-43-EF">
      <ModulePath>C:\Program Files\dotnet\sdk\3.0.100\NuGet.ProjectModel.dll</ModulePath>
      <ModuleTime>2019-09-17T23:13:46Z</ModuleTime>
      <ModuleName>NuGet.ProjectModel</ModuleName>
      <Classes />
    </Module>
    <Module skippedDueTo="MissingPdb" hash="D7-DD-E6-CF-75-5E-74-90-16-8B-0E-02-66-61-AA-48-7A-1B-F2-AE">
      <ModulePath>C:\Program Files\dotnet\sdk\3.0.100\NuGet.Versioning.dll</ModulePath>
      <ModuleTime>2019-09-17T23:13:36Z</ModuleTime>
      <ModuleName>NuGet.Versioning</ModuleName>
      <Classes />
    </Module>
    <Module skippedDueTo="MissingPdb" hash="F7-AD-8B-C3-88-87-94-52-A7-E6-56-C7-6A-AD-3E-D6-7D-5C-6C-31">
      <ModulePath>C:\Program Files\dotnet\sdk\3.0.100\NuGet.Protocol.dll</ModulePath>
      <ModuleTime>2019-09-17T23:13:36Z</ModuleTime>
      <ModuleName>NuGet.Protocol</ModuleName>
      <Classes />
    </Module>
    <Module skippedDueTo="MissingPdb" hash="5C-18-9F-73-1D-47-A1-9E-DA-11-11-E7-19-64-8C-8F-52-F2-71-C1">
      <ModulePath>C:\Program Files\dotnet\sdk\3.0.100\NuGet.Credentials.dll</ModulePath>
      <ModuleTime>2019-09-17T23:13:48Z</ModuleTime>
      <ModuleName>NuGet.Credentials</ModuleName>
      <Classes />
    </Module>
    <Module skippedDueTo="MissingPdb" hash="EC-AC-5F-92-7B-FF-D3-6D-F5-4D-4E-41-42-D9-08-CA-75-22-A3-97">
      <ModulePath>C:\Program Files\dotnet\sdk\3.0.100\NuGet.DependencyResolver.Core.dll</ModulePath>
      <ModuleTime>2019-09-17T23:14:08Z</ModuleTime>
      <ModuleName>NuGet.DependencyResolver.Core</ModuleName>
      <Classes />
    </Module>
    <Module skippedDueTo="MissingPdb" hash="49-19-EE-A8-47-BC-14-45-CA-79-AA-A1-34-1F-2E-E1-34-46-66-73">
      <ModulePath>C:\Program Files\dotnet\sdk\3.0.100\NuGet.LibraryModel.dll</ModulePath>
      <ModuleTime>2019-09-17T23:13:46Z</ModuleTime>
      <ModuleName>NuGet.LibraryModel</ModuleName>
      <Classes />
    </Module>
    <Module skippedDueTo="MissingPdb" hash="86-6C-5B-4B-54-A9-45-6F-68-3B-9B-A5-0A-EA-95-31-F6-CA-EA-DF">
      <ModulePath>C:\Program Files\dotnet\sdk\3.0.100\ja\NuGet.Commands.resources.dll</ModulePath>
      <ModuleTime>2019-09-17T13:53:46Z</ModuleTime>
      <ModuleName>NuGet.Commands.resources</ModuleName>
      <Classes />
    </Module>
    <Module skippedDueTo="Filter" hash="0A-99-71-4C-72-62-73-07-45-17-8C-F3-54-25-A0-79-1C-C7-56-C0">
      <ModulePath>C:\Program Files\dotnet\shared\Microsoft.NETCore.App\3.0.0\System.Runtime.Serialization.Formatters.dll</ModulePath>
      <ModuleTime>2019-09-13T06:08:54Z</ModuleTime>
      <ModuleName>System.Runtime.Serialization.Formatters</ModuleName>
      <Classes />
    </Module>
    <Module skippedDueTo="Filter" hash="E9-61-F0-FA-D3-4A-2F-AB-FD-20-CA-EE-94-C9-31-F3-7F-AA-23-C0">
      <ModulePath>C:\Program Files\dotnet\shared\Microsoft.NETCore.App\3.0.0\System.Runtime.Serialization.Primitives.dll</ModulePath>
      <ModuleTime>2019-09-13T06:08:56Z</ModuleTime>
      <ModuleName>System.Runtime.Serialization.Primitives</ModuleName>
      <Classes />
    </Module>
    <Module skippedDueTo="Filter" hash="56-95-BC-19-24-3D-67-90-B1-EE-E2-1F-E2-E8-8B-48-00-01-79-43">
      <ModulePath>C:\Program Files\dotnet\shared\Microsoft.NETCore.App\3.0.0\System.Net.Requests.dll</ModulePath>
      <ModuleTime>2019-09-13T06:08:50Z</ModuleTime>
      <ModuleName>System.Net.Requests</ModuleName>
      <Classes />
    </Module>
    <Module skippedDueTo="Filter" hash="98-A5-DC-CA-AE-6A-B9-29-21-14-04-26-2E-5B-C3-F1-8C-D6-A5-70">
      <ModulePath>C:\Program Files\dotnet\shared\Microsoft.NETCore.App\3.0.0\System.Net.NetworkInformation.dll</ModulePath>
      <ModuleTime>2019-09-13T06:08:58Z</ModuleTime>
      <ModuleName>System.Net.NetworkInformation</ModuleName>
      <Classes />
    </Module>
    <Module skippedDueTo="Filter" hash="0D-EB-F0-9C-23-D8-1E-AE-50-C3-5D-18-E6-F3-BA-EE-0A-D5-8C-EB">
      <ModulePath>C:\Program Files\dotnet\shared\Microsoft.NETCore.App\3.0.0\System.Diagnostics.DiagnosticSource.dll</ModulePath>
      <ModuleTime>2019-09-13T06:08:50Z</ModuleTime>
      <ModuleName>System.Diagnostics.DiagnosticSource</ModuleName>
      <Classes />
    </Module>
    <Module skippedDueTo="Filter" hash="D1-AE-1D-BE-70-DF-E5-64-C7-8A-8C-B9-7A-88-BF-97-41-06-1C-7B">
      <ModulePath>C:\Program Files\dotnet\shared\Microsoft.NETCore.App\3.0.0\System.Threading.Timer.dll</ModulePath>
      <ModuleTime>2019-09-13T06:08:52Z</ModuleTime>
      <ModuleName>System.Threading.Timer</ModuleName>
      <Classes />
    </Module>
    <Module skippedDueTo="Filter" hash="6C-1B-96-EC-12-32-29-B8-93-C9-9F-F5-9B-8D-46-AA-AA-39-1E-07">
      <ModulePath>C:\Program Files\dotnet\shared\Microsoft.NETCore.App\3.0.0\System.Net.Sockets.dll</ModulePath>
      <ModuleTime>2019-09-13T06:08:46Z</ModuleTime>
      <ModuleName>System.Net.Sockets</ModuleName>
      <Classes />
    </Module>
    <Module skippedDueTo="Filter" hash="BC-36-F7-D9-F1-C4-3F-07-98-FA-12-FF-A6-47-75-49-C0-C9-BE-89">
      <ModulePath>C:\Program Files\dotnet\shared\Microsoft.NETCore.App\3.0.0\System.Threading.Overlapped.dll</ModulePath>
      <ModuleTime>2019-09-13T06:08:58Z</ModuleTime>
      <ModuleName>System.Threading.Overlapped</ModuleName>
      <Classes />
    </Module>
    <Module skippedDueTo="Filter" hash="CE-2D-58-0A-B7-08-B1-37-A4-FA-4E-CB-4D-C6-77-F5-0C-1D-BD-7F">
      <ModulePath>C:\Program Files\dotnet\shared\Microsoft.NETCore.App\3.0.0\System.Net.NameResolution.dll</ModulePath>
      <ModuleTime>2019-09-13T06:08:58Z</ModuleTime>
      <ModuleName>System.Net.NameResolution</ModuleName>
      <Classes />
    </Module>
    <Module skippedDueTo="Filter" hash="FB-73-D9-87-FA-85-49-B6-F8-9C-FF-A3-ED-87-21-57-A5-04-7C-7B">
      <ModulePath>C:\Program Files\dotnet\shared\Microsoft.NETCore.App\3.0.0\System.Security.Principal.Windows.dll</ModulePath>
      <ModuleTime>2019-09-13T06:08:54Z</ModuleTime>
      <ModuleName>System.Security.Principal.Windows</ModuleName>
      <Classes />
    </Module>
    <Module skippedDueTo="Filter" hash="90-7F-E7-E5-1C-2D-93-ED-97-01-E4-37-80-9C-A5-21-C2-C2-9C-75">
      <ModulePath>C:\Program Files\dotnet\shared\Microsoft.NETCore.App\3.0.0\System.Security.Claims.dll</ModulePath>
      <ModuleTime>2019-09-13T06:08:56Z</ModuleTime>
      <ModuleName>System.Security.Claims</ModuleName>
      <Classes />
    </Module>
    <Module skippedDueTo="Filter" hash="1F-7D-28-F5-03-C7-92-0D-BD-9F-60-37-8D-47-55-0C-F6-64-A3-99">
      <ModulePath>C:\Program Files\dotnet\shared\Microsoft.NETCore.App\3.0.0\System.Security.Principal.dll</ModulePath>
      <ModuleTime>2019-09-13T06:08:52Z</ModuleTime>
      <ModuleName>System.Security.Principal</ModuleName>
      <Classes />
    </Module>
    <Module skippedDueTo="Filter" hash="C0-63-D8-A1-46-3C-77-1C-CA-1F-9A-AF-2F-F2-89-04-70-34-28-14">
      <ModulePath>C:\Program Files\dotnet\shared\Microsoft.NETCore.App\3.0.0\System.Threading.ThreadPool.dll</ModulePath>
      <ModuleTime>2019-09-13T06:08:48Z</ModuleTime>
      <ModuleName>System.Threading.ThreadPool</ModuleName>
      <Classes />
    </Module>
    <Module skippedDueTo="Filter" hash="05-13-E6-B0-6A-CA-B9-54-F7-DB-E9-CA-18-13-52-10-E9-1D-7F-B9">
      <ModulePath>C:\Program Files\dotnet\shared\Microsoft.NETCore.App\3.0.0\System.Security.Cryptography.Encoding.dll</ModulePath>
      <ModuleTime>2019-09-13T06:08:56Z</ModuleTime>
      <ModuleName>System.Security.Cryptography.Encoding</ModuleName>
      <Classes />
    </Module>
    <Module skippedDueTo="Filter" hash="B0-B8-C2-D1-A5-59-92-C3-7D-C5-B6-D7-E3-90-6A-84-14-FC-67-85">
      <ModulePath>C:\Program Files\dotnet\sdk\3.0.100\Microsoft.TestPlatform.Build.dll</ModulePath>
      <ModuleTime>2019-09-17T23:13:44Z</ModuleTime>
      <ModuleName>Microsoft.TestPlatform.Build</ModuleName>
      <Classes />
    </Module>
    <Module skippedDueTo="Filter" hash="35-24-C1-64-8A-C0-B2-9F-7C-4E-DA-F7-8B-7B-EB-88-9B-7A-3A-AE">
      <ModulePath>C:\Program Files\dotnet\sdk\3.0.100\ja\Microsoft.TestPlatform.Build.resources.dll</ModulePath>
      <ModuleTime>2019-09-16T19:50:12Z</ModuleTime>
      <ModuleName>Microsoft.TestPlatform.Build.resources</ModuleName>
      <Classes />
    </Module>
    <Module skippedDueTo="Filter" hash="BE-92-37-9E-93-F6-09-D0-9B-08-25-71-88-E7-92-B7-90-0A-30-FA">
      <ModulePath>C:\Program Files\dotnet\shared\Microsoft.NETCore.App\3.0.0\System.Diagnostics.Tools.dll</ModulePath>
      <ModuleTime>2019-09-13T06:08:52Z</ModuleTime>
      <ModuleName>System.Diagnostics.Tools</ModuleName>
      <Classes />
    </Module>
    <Module skippedDueTo="Filter" hash="BD-F1-88-A3-37-62-3D-E8-0F-EF-AF-51-E9-A1-F3-F1-5F-58-09-1B">
      <ModulePath>C:\Program Files\dotnet\shared\Microsoft.NETCore.App\3.0.0\System.IO.dll</ModulePath>
      <ModuleTime>2019-09-13T06:08:54Z</ModuleTime>
      <ModuleName>System.IO</ModuleName>
      <Classes />
    </Module>
    <Module skippedDueTo="Filter" hash="31-C4-CC-09-EF-D0-DA-A6-AD-9E-1D-04-1B-AB-56-DF-23-F6-82-00">
      <ModulePath>C:\Program Files\dotnet\shared\Microsoft.NETCore.App\3.0.0\System.Text.Encoding.dll</ModulePath>
      <ModuleTime>2019-09-13T06:08:56Z</ModuleTime>
      <ModuleName>System.Text.Encoding</ModuleName>
      <Classes />
    </Module>
    <Module skippedDueTo="Filter" hash="BC-DB-6A-18-18-A2-BA-25-25-75-DC-BE-AB-0E-E3-92-45-15-5E-7F">
      <ModulePath>C:\Program Files\dotnet\shared\Microsoft.NETCore.App\3.0.0\System.IO.Compression.dll</ModulePath>
      <ModuleTime>2019-09-13T06:08:52Z</ModuleTime>
      <ModuleName>System.IO.Compression</ModuleName>
      <Classes />
    </Module>
    <Module skippedDueTo="Filter" hash="C3-E6-43-A7-5E-29-C1-25-D5-0E-5D-E5-4F-E7-B8-5E-A5-8C-DA-88">
      <ModulePath>C:\Program Files\dotnet\shared\Microsoft.NETCore.App\3.0.0\System.Net.Http.dll</ModulePath>
      <ModuleTime>2019-09-13T06:08:58Z</ModuleTime>
      <ModuleName>System.Net.Http</ModuleName>
      <Classes />
    </Module>
    <Module skippedDueTo="Filter" hash="CF-E9-35-01-44-F1-22-1E-63-7F-C0-7F-CD-B4-F0-81-3F-85-C7-62">
      <ModulePath>C:\Program Files\dotnet\shared\Microsoft.NETCore.App\3.0.0\System.Net.Primitives.dll</ModulePath>
      <ModuleTime>2019-09-13T06:09:20Z</ModuleTime>
      <ModuleName>System.Net.Primitives</ModuleName>
      <Classes />
    </Module>
    <Module skippedDueTo="Filter" hash="7F-CD-1D-D3-BE-71-42-34-29-A7-F3-25-58-E5-50-64-8E-D4-58-6A">
      <ModulePath>C:\Program Files\dotnet\shared\Microsoft.NETCore.App\3.0.0\System.Net.Security.dll</ModulePath>
      <ModuleTime>2019-09-13T06:08:46Z</ModuleTime>
      <ModuleName>System.Net.Security</ModuleName>
      <Classes />
    </Module>
    <Module skippedDueTo="Filter" hash="59-BD-CE-C8-DB-54-74-85-5D-8F-D0-51-2C-1E-8F-7F-7F-59-F4-19">
      <ModulePath>C:\Program Files\dotnet\shared\Microsoft.NETCore.App\3.0.0\System.Security.Cryptography.X509Certificates.dll</ModulePath>
      <ModuleTime>2019-09-13T06:09:42Z</ModuleTime>
      <ModuleName>System.Security.Cryptography.X509Certificates</ModuleName>
      <Classes />
    </Module>
    <Module skippedDueTo="MissingPdb" hash="11-6D-28-C8-84-D3-57-13-2A-C0-AA-A9-F4-DB-5B-62-88-00-D5-7F">
      <ModulePath>C:\Program Files\dotnet\sdk\3.0.100\ja\Microsoft.Build.Tasks.Core.resources.dll</ModulePath>
      <ModuleTime>2019-09-13T13:42:08Z</ModuleTime>
      <ModuleName>Microsoft.Build.Tasks.Core.resources</ModuleName>
      <Classes />
    </Module>
    <Module skippedDueTo="MissingPdb" hash="F5-41-36-43-9A-10-B5-BC-E3-C9-B9-21-F5-CE-77-D4-8B-7C-B6-30">
      <ModulePath>C:\Program Files\dotnet\sdk\3.0.100\ja\NuGet.Build.Tasks.resources.dll</ModulePath>
      <ModuleTime>2019-09-17T13:54:28Z</ModuleTime>
      <ModuleName>NuGet.Build.Tasks.resources</ModuleName>
      <Classes />
    </Module>
    <Module skippedDueTo="MissingPdb" hash="74-C5-CF-3A-B3-B9-7D-C8-26-1E-26-98-06-C9-6D-92-32-9C-14-86">
      <ModulePath>C:\Program Files\dotnet\sdk\3.0.100\Sdks\Microsoft.NET.Sdk\targets\..\tools\netcoreapp2.1\ja\Microsoft.NET.Build.Tasks.resources.dll</ModulePath>
      <ModuleTime>2019-09-17T20:55:04Z</ModuleTime>
      <ModuleName>Microsoft.NET.Build.Tasks.resources</ModuleName>
      <Classes />
    </Module>
    <Module skippedDueTo="Filter" hash="A9-41-0E-E6-46-09-1C-85-E5-0A-7C-ED-75-3A-7A-64-A2-F6-31-D7">
      <ModulePath>C:\Program Files\dotnet\shared\Microsoft.NETCore.App\3.0.0\System.Reflection.Metadata.dll</ModulePath>
      <ModuleTime>2019-09-13T06:08:48Z</ModuleTime>
      <ModuleName>System.Reflection.Metadata</ModuleName>
      <Classes />
    </Module>
    <Module skippedDueTo="Filter" hash="F3-9F-D5-D3-71-2C-25-81-24-8B-57-D2-DA-C1-90-EA-A5-91-73-3C">
      <ModulePath>C:\Program Files\dotnet\shared\Microsoft.NETCore.App\3.0.0\System.IO.MemoryMappedFiles.dll</ModulePath>
      <ModuleTime>2019-09-13T06:08:54Z</ModuleTime>
      <ModuleName>System.IO.MemoryMappedFiles</ModuleName>
      <Classes />
    </Module>
    <Module skippedDueTo="Filter" hash="80-00-93-01-60-97-B4-92-89-5D-A1-C9-82-E3-D7-99-E1-85-D3-17">
      <ModulePath>C:\Program Files\dotnet\shared\Microsoft.NETCore.App\3.0.0\mscorlib.dll</ModulePath>
      <ModuleTime>2019-09-12T17:30:02Z</ModuleTime>
      <ModuleName>mscorlib</ModuleName>
      <Classes />
    </Module>
    <Module skippedDueTo="MissingPdb" hash="AD-2E-5A-C0-AF-AC-4F-EC-BC-2E-37-F5-9F-B6-74-37-88-4E-4F-07">
      <ModulePath>C:\Program Files\dotnet\sdk\3.0.100\Sdks\Microsoft.NET.Sdk.WindowsDesktop\targets\..\tools\netcoreapp2.1\PresentationBuildTasks.dll</ModulePath>
      <ModuleTime>2019-09-12T11:02:20Z</ModuleTime>
      <ModuleName>PresentationBuildTasks</ModuleName>
      <Classes />
    </Module>
    <Module skippedDueTo="MissingPdb" hash="A9-1A-FD-E1-17-35-F0-A5-0D-5F-96-8C-97-9F-D2-06-51-BB-2C-D8">
      <ModulePath>C:\Program Files\dotnet\sdk\3.0.100\Sdks\Microsoft.NET.Sdk.WindowsDesktop\targets\..\tools\netcoreapp2.1\ja\PresentationBuildTasks.resources.dll</ModulePath>
      <ModuleTime>2019-09-12T11:02:22Z</ModuleTime>
      <ModuleName>PresentationBuildTasks.resources</ModuleName>
      <Classes />
    </Module>
    <Module skippedDueTo="Filter" hash="43-53-72-5F-31-DC-D4-5F-43-27-49-41-2C-A6-B0-2C-D9-3D-2A-58">
      <ModulePath>C:\Program Files\dotnet\sdk\3.0.100\Sdks\Microsoft.NET.Sdk.WindowsDesktop\targets\..\tools\netcoreapp2.1\System.Reflection.MetadataLoadContext.dll</ModulePath>
      <ModuleTime>2019-09-09T23:00:34Z</ModuleTime>
      <ModuleName>System.Reflection.MetadataLoadContext</ModuleName>
      <Classes />
    </Module>
    <Module skippedDueTo="Filter" hash="DC-04-9A-A8-CD-D4-20-3F-45-42-81-26-1B-F0-6A-E2-11-4A-3B-B2">
      <ModulePath>C:\Program Files\dotnet\sdk\3.0.100\System.CodeDom.dll</ModulePath>
      <ModuleTime>2019-09-17T23:13:38Z</ModuleTime>
      <ModuleName>System.CodeDom</ModuleName>
      <Classes />
    </Module>
    <Module skippedDueTo="Filter" hash="51-7E-D4-02-DE-4E-C8-5F-19-6F-61-42-6F-F3-C0-A5-9C-05-24-7C">
      <ModulePath>C:\Program Files\dotnet\shared\Microsoft.NETCore.App\3.0.0\System.Collections.Specialized.dll</ModulePath>
      <ModuleTime>2019-09-13T06:08:46Z</ModuleTime>
      <ModuleName>System.Collections.Specialized</ModuleName>
      <Classes />
    </Module>
    <Module skippedDueTo="MissingPdb" hash="9E-AA-7E-AE-26-2C-85-AB-74-51-A7-6E-C7-CF-2F-72-70-D6-5D-83">
      <ModulePath>C:\Program Files\dotnet\sdk\3.0.100\Roslyn\Microsoft.Build.Tasks.CodeAnalysis.dll</ModulePath>
      <ModuleTime>2019-09-17T23:13:44Z</ModuleTime>
      <ModuleName>Microsoft.Build.Tasks.CodeAnalysis</ModuleName>
      <Classes />
    </Module>
    <Module skippedDueTo="Filter" hash="FB-73-D9-87-FA-85-49-B6-F8-9C-FF-A3-ED-87-21-57-A5-04-7C-7B">
      <ModulePath>C:\Program Files\dotnet\shared\Microsoft.NETCore.App\3.0.0\System.Security.Principal.Windows.dll</ModulePath>
      <ModuleTime>2019-09-13T06:08:54Z</ModuleTime>
      <ModuleName>System.Security.Principal.Windows</ModuleName>
      <Classes />
    </Module>
    <Module skippedDueTo="Filter" hash="90-7F-E7-E5-1C-2D-93-ED-97-01-E4-37-80-9C-A5-21-C2-C2-9C-75">
      <ModulePath>C:\Program Files\dotnet\shared\Microsoft.NETCore.App\3.0.0\System.Security.Claims.dll</ModulePath>
      <ModuleTime>2019-09-13T06:08:56Z</ModuleTime>
      <ModuleName>System.Security.Claims</ModuleName>
      <Classes />
    </Module>
    <Module skippedDueTo="Filter" hash="1F-7D-28-F5-03-C7-92-0D-BD-9F-60-37-8D-47-55-0C-F6-64-A3-99">
      <ModulePath>C:\Program Files\dotnet\shared\Microsoft.NETCore.App\3.0.0\System.Security.Principal.dll</ModulePath>
      <ModuleTime>2019-09-13T06:08:52Z</ModuleTime>
      <ModuleName>System.Security.Principal</ModuleName>
      <Classes />
    </Module>
    <Module skippedDueTo="MissingPdb" hash="13-81-AB-2F-CD-54-0E-9B-EB-42-6E-96-9F-71-19-24-60-76-4A-E1">
      <ModulePath>C:\Program Files\dotnet\sdk\3.0.100\Roslyn\ja\Microsoft.Build.Tasks.CodeAnalysis.resources.dll</ModulePath>
      <ModuleTime>2019-09-12T08:07:14Z</ModuleTime>
      <ModuleName>Microsoft.Build.Tasks.CodeAnalysis.resources</ModuleName>
      <Classes />
    </Module>
    <Module skippedDueTo="Filter" hash="0F-90-C8-0C-B1-19-FC-E0-74-51-EE-44-38-7D-35-C0-90-96-80-06">
      <ModulePath>C:\Program Files\dotnet\shared\Microsoft.NETCore.App\3.0.0\System.IO.Pipes.dll</ModulePath>
      <ModuleTime>2019-09-13T06:08:56Z</ModuleTime>
      <ModuleName>System.IO.Pipes</ModuleName>
      <Classes />
    </Module>
    <Module skippedDueTo="Filter" hash="1E-50-59-CB-7E-42-BB-E7-C7-C2-F7-3A-23-94-67-72-09-56-B0-91">
      <ModulePath>C:\Program Files\dotnet\shared\Microsoft.NETCore.App\3.0.0\System.Private.CoreLib.dll</ModulePath>
      <ModuleTime>2019-09-12T14:05:06Z</ModuleTime>
      <ModuleName>System.Private.CoreLib</ModuleName>
      <Classes />
    </Module>
    <Module skippedDueTo="MissingPdb" hash="7A-61-30-49-B6-2A-90-00-DF-E3-2E-CB-40-7B-BA-3B-D4-74-22-1C">
      <ModulePath>C:\Program Files\dotnet\sdk\3.0.100\Roslyn\bincore\VBCSCompiler.dll</ModulePath>
      <ModuleTime>2019-09-17T23:13:38Z</ModuleTime>
      <ModuleName>VBCSCompiler</ModuleName>
      <Classes />
    </Module>
    <Module skippedDueTo="Filter" hash="E8-63-7E-C0-ED-10-09-3B-34-3F-C8-46-46-40-E3-BE-56-5F-D8-64">
      <ModulePath>C:\Program Files\dotnet\shared\Microsoft.NETCore.App\3.0.0\System.Runtime.dll</ModulePath>
      <ModuleTime>2019-09-13T06:08:52Z</ModuleTime>
      <ModuleName>System.Runtime</ModuleName>
      <Classes />
    </Module>
    <Module skippedDueTo="Filter" hash="51-7E-D4-02-DE-4E-C8-5F-19-6F-61-42-6F-F3-C0-A5-9C-05-24-7C">
      <ModulePath>C:\Program Files\dotnet\shared\Microsoft.NETCore.App\3.0.0\System.Collections.Specialized.dll</ModulePath>
      <ModuleTime>2019-09-13T06:08:46Z</ModuleTime>
      <ModuleName>System.Collections.Specialized</ModuleName>
      <Classes />
    </Module>
    <Module skippedDueTo="Filter" hash="B3-34-CA-2B-39-F4-74-72-CC-34-4F-AC-8E-24-81-06-B0-52-9A-2B">
      <ModulePath>C:\Program Files\dotnet\shared\Microsoft.NETCore.App\3.0.0\System.Runtime.Extensions.dll</ModulePath>
      <ModuleTime>2019-09-13T06:08:56Z</ModuleTime>
      <ModuleName>System.Runtime.Extensions</ModuleName>
      <Classes />
    </Module>
    <Module skippedDueTo="Filter" hash="25-3C-5A-82-38-22-BF-13-D9-A3-BE-75-EA-0E-CF-4F-BA-06-41-12">
      <ModulePath>C:\Program Files\dotnet\shared\Microsoft.NETCore.App\3.0.0\System.Threading.Tasks.dll</ModulePath>
      <ModuleTime>2019-09-13T06:08:58Z</ModuleTime>
      <ModuleName>System.Threading.Tasks</ModuleName>
      <Classes />
    </Module>
    <Module skippedDueTo="Filter" hash="36-0B-1C-49-EB-C1-89-08-AC-4B-28-61-BC-51-24-3C-5E-88-66-C2">
      <ModulePath>C:\Program Files\dotnet\shared\Microsoft.NETCore.App\3.0.0\System.Console.dll</ModulePath>
      <ModuleTime>2019-09-13T06:08:50Z</ModuleTime>
      <ModuleName>System.Console</ModuleName>
      <Classes />
    </Module>
    <Module skippedDueTo="Filter" hash="AF-E6-7B-01-02-B0-CA-AC-23-69-EF-E2-85-E2-A7-70-2B-E1-A9-14">
      <ModulePath>C:\Program Files\dotnet\shared\Microsoft.NETCore.App\3.0.0\System.Threading.dll</ModulePath>
      <ModuleTime>2019-09-13T06:08:58Z</ModuleTime>
      <ModuleName>System.Threading</ModuleName>
      <Classes />
    </Module>
    <Module skippedDueTo="MissingPdb" hash="D8-40-B4-15-CF-E0-AC-B6-E8-7B-92-87-29-3D-2D-08-BA-C5-A0-EE">
      <ModulePath>C:\Program Files\dotnet\sdk\3.0.100\Roslyn\bincore\Microsoft.CodeAnalysis.dll</ModulePath>
      <ModuleTime>2019-09-17T23:13:40Z</ModuleTime>
      <ModuleName>Microsoft.CodeAnalysis</ModuleName>
      <Classes />
    </Module>
    <Module skippedDueTo="Filter" hash="9A-55-C2-F3-0E-6F-C2-63-79-90-C0-7B-02-7F-58-E7-45-C4-D1-03">
      <ModulePath>C:\Program Files\dotnet\shared\Microsoft.NETCore.App\3.0.0\System.Collections.Immutable.dll</ModulePath>
      <ModuleTime>2019-09-13T06:08:46Z</ModuleTime>
      <ModuleName>System.Collections.Immutable</ModuleName>
      <Classes />
    </Module>
    <Module skippedDueTo="Filter" hash="BA-7B-5C-E2-62-EA-0A-F2-61-10-E2-9E-C1-36-85-12-93-E7-2B-8E">
      <ModulePath>C:\Program Files\dotnet\shared\Microsoft.NETCore.App\3.0.0\System.Runtime.InteropServices.dll</ModulePath>
      <ModuleTime>2019-09-13T06:08:52Z</ModuleTime>
      <ModuleName>System.Runtime.InteropServices</ModuleName>
      <Classes />
    </Module>
    <Module skippedDueTo="MissingPdb" hash="C8-A7-11-DF-64-73-4F-55-1F-76-CD-D1-F7-DB-23-00-F4-0A-21-44">
      <ModulePath>C:\Program Files\dotnet\shared\Microsoft.NETCore.App\3.0.0\netstandard.dll</ModulePath>
      <ModuleTime>2019-09-13T06:08:48Z</ModuleTime>
      <ModuleName>netstandard</ModuleName>
      <Classes />
    </Module>
    <Module skippedDueTo="Filter" hash="B4-74-FB-94-9C-4A-9F-B5-B4-12-8F-5B-FA-1C-51-F1-8A-1B-38-BF">
      <ModulePath>C:\Program Files\dotnet\shared\Microsoft.NETCore.App\3.0.0\System.IO.FileSystem.dll</ModulePath>
      <ModuleTime>2019-09-13T06:08:52Z</ModuleTime>
      <ModuleName>System.IO.FileSystem</ModuleName>
      <Classes />
    </Module>
    <Module skippedDueTo="Filter" hash="40-AA-30-B8-EF-40-FF-6F-82-15-0E-3D-1C-C5-24-B7-C8-AA-18-90">
      <ModulePath>C:\Program Files\dotnet\shared\Microsoft.NETCore.App\3.0.0\System.Collections.dll</ModulePath>
      <ModuleTime>2019-09-13T06:08:46Z</ModuleTime>
      <ModuleName>System.Collections</ModuleName>
      <Classes />
    </Module>
    <Module skippedDueTo="Filter" hash="0F-90-C8-0C-B1-19-FC-E0-74-51-EE-44-38-7D-35-C0-90-96-80-06">
      <ModulePath>C:\Program Files\dotnet\shared\Microsoft.NETCore.App\3.0.0\System.IO.Pipes.dll</ModulePath>
      <ModuleTime>2019-09-13T06:08:56Z</ModuleTime>
      <ModuleName>System.IO.Pipes</ModuleName>
      <Classes />
    </Module>
    <Module skippedDueTo="Filter" hash="8F-1D-55-0D-51-19-90-09-F1-6F-A1-03-F4-2B-10-7B-A7-67-63-78">
      <ModulePath>C:\Program Files\dotnet\shared\Microsoft.NETCore.App\3.0.0\System.Security.AccessControl.dll</ModulePath>
      <ModuleTime>2019-09-13T06:08:54Z</ModuleTime>
      <ModuleName>System.Security.AccessControl</ModuleName>
      <Classes />
    </Module>
    <Module skippedDueTo="Filter" hash="FB-73-D9-87-FA-85-49-B6-F8-9C-FF-A3-ED-87-21-57-A5-04-7C-7B">
      <ModulePath>C:\Program Files\dotnet\shared\Microsoft.NETCore.App\3.0.0\System.Security.Principal.Windows.dll</ModulePath>
      <ModuleTime>2019-09-13T06:08:54Z</ModuleTime>
      <ModuleName>System.Security.Principal.Windows</ModuleName>
      <Classes />
    </Module>
    <Module skippedDueTo="Filter" hash="90-7F-E7-E5-1C-2D-93-ED-97-01-E4-37-80-9C-A5-21-C2-C2-9C-75">
      <ModulePath>C:\Program Files\dotnet\shared\Microsoft.NETCore.App\3.0.0\System.Security.Claims.dll</ModulePath>
      <ModuleTime>2019-09-13T06:08:56Z</ModuleTime>
      <ModuleName>System.Security.Claims</ModuleName>
      <Classes />
    </Module>
    <Module skippedDueTo="Filter" hash="1F-7D-28-F5-03-C7-92-0D-BD-9F-60-37-8D-47-55-0C-F6-64-A3-99">
      <ModulePath>C:\Program Files\dotnet\shared\Microsoft.NETCore.App\3.0.0\System.Security.Principal.dll</ModulePath>
      <ModuleTime>2019-09-13T06:08:52Z</ModuleTime>
      <ModuleName>System.Security.Principal</ModuleName>
      <Classes />
    </Module>
    <Module skippedDueTo="MissingPdb" hash="89-89-F1-F7-96-64-06-49-3F-AB-83-C4-F9-39-D8-CC-66-E6-63-5D">
      <ModulePath>C:\Program Files\dotnet\shared\Microsoft.NETCore.App\3.0.0\Microsoft.Win32.Primitives.dll</ModulePath>
      <ModuleTime>2019-09-13T06:08:48Z</ModuleTime>
      <ModuleName>Microsoft.Win32.Primitives</ModuleName>
      <Classes />
    </Module>
    <Module skippedDueTo="Filter" hash="BC-36-F7-D9-F1-C4-3F-07-98-FA-12-FF-A6-47-75-49-C0-C9-BE-89">
      <ModulePath>C:\Program Files\dotnet\shared\Microsoft.NETCore.App\3.0.0\System.Threading.Overlapped.dll</ModulePath>
      <ModuleTime>2019-09-13T06:08:58Z</ModuleTime>
      <ModuleName>System.Threading.Overlapped</ModuleName>
      <Classes />
    </Module>
    <Module skippedDueTo="Filter" hash="BC-36-F7-D9-F1-C4-3F-07-98-FA-12-FF-A6-47-75-49-C0-C9-BE-89">
      <ModulePath>C:\Program Files\dotnet\shared\Microsoft.NETCore.App\3.0.0\System.Threading.Overlapped.dll</ModulePath>
      <ModuleTime>2019-09-13T06:08:58Z</ModuleTime>
      <ModuleName>System.Threading.Overlapped</ModuleName>
      <Classes />
    </Module>
    <Module skippedDueTo="Filter" hash="8F-1D-55-0D-51-19-90-09-F1-6F-A1-03-F4-2B-10-7B-A7-67-63-78">
      <ModulePath>C:\Program Files\dotnet\shared\Microsoft.NETCore.App\3.0.0\System.Security.AccessControl.dll</ModulePath>
      <ModuleTime>2019-09-13T06:08:54Z</ModuleTime>
      <ModuleName>System.Security.AccessControl</ModuleName>
      <Classes />
    </Module>
    <Module skippedDueTo="Filter" hash="CA-D6-18-24-89-5E-4A-82-1B-D3-0E-1A-68-B7-50-F2-79-EA-29-2B">
      <ModulePath>C:\Program Files\dotnet\shared\Microsoft.NETCore.App\3.0.0\System.Linq.dll</ModulePath>
      <ModuleTime>2019-09-13T06:08:54Z</ModuleTime>
      <ModuleName>System.Linq</ModuleName>
      <Classes />
    </Module>
    <Module skippedDueTo="Filter" hash="94-14-03-F1-37-73-63-17-D3-F8-F4-74-97-49-D0-A1-13-D5-06-89">
      <ModulePath>C:\Program Files\dotnet\shared\Microsoft.NETCore.App\3.0.0\System.Memory.dll</ModulePath>
      <ModuleTime>2019-09-13T06:08:56Z</ModuleTime>
      <ModuleName>System.Memory</ModuleName>
      <Classes />
    </Module>
    <Module skippedDueTo="Filter" hash="FE-CE-91-AE-C1-38-E6-B8-40-24-CF-CA-F2-1F-DC-35-E9-E7-7A-B0">
      <ModulePath>C:\Program Files\dotnet\shared\Microsoft.NETCore.App\3.0.0\System.Resources.ResourceManager.dll</ModulePath>
      <ModuleTime>2019-09-13T06:08:46Z</ModuleTime>
      <ModuleName>System.Resources.ResourceManager</ModuleName>
      <Classes />
    </Module>
    <Module skippedDueTo="Filter" hash="A9-41-0E-E6-46-09-1C-85-E5-0A-7C-ED-75-3A-7A-64-A2-F6-31-D7">
      <ModulePath>C:\Program Files\dotnet\shared\Microsoft.NETCore.App\3.0.0\System.Reflection.Metadata.dll</ModulePath>
      <ModuleTime>2019-09-13T06:08:48Z</ModuleTime>
      <ModuleName>System.Reflection.Metadata</ModuleName>
      <Classes />
    </Module>
    <Module skippedDueTo="MissingPdb" hash="AC-D0-13-F8-48-FB-7E-22-A5-8D-16-09-FF-F4-D2-FB-15-90-21-0F">
      <ModulePath>C:\Program Files\dotnet\sdk\3.0.100\Roslyn\bincore\Microsoft.CodeAnalysis.CSharp.dll</ModulePath>
      <ModuleTime>2019-09-17T23:13:42Z</ModuleTime>
      <ModuleName>Microsoft.CodeAnalysis.CSharp</ModuleName>
      <Classes />
    </Module>
    <Module skippedDueTo="MissingPdb" hash="55-9F-79-D2-FD-A5-81-00-FB-94-32-E0-82-03-A5-E1-D6-DA-30-51">
      <ModulePath>C:\Program Files\dotnet\sdk\3.0.100\Roslyn\bincore\Microsoft.CodeAnalysis.VisualBasic.dll</ModulePath>
      <ModuleTime>2019-09-17T23:13:42Z</ModuleTime>
      <ModuleName>Microsoft.CodeAnalysis.VisualBasic</ModuleName>
      <Classes />
    </Module>
    <Module skippedDueTo="Filter" hash="D8-97-6F-49-FB-A9-EA-18-73-DE-CF-B4-6D-FE-D4-06-62-10-0F-98">
      <ModulePath>C:\Program Files\dotnet\shared\Microsoft.NETCore.App\3.0.0\System.Security.Cryptography.Primitives.dll</ModulePath>
      <ModuleTime>2019-09-13T06:08:54Z</ModuleTime>
      <ModuleName>System.Security.Cryptography.Primitives</ModuleName>
      <Classes />
    </Module>
    <Module skippedDueTo="Filter" hash="40-DD-05-DC-32-C6-D4-F0-5C-A6-42-3F-46-12-83-2A-7A-20-58-AE">
      <ModulePath>C:\Program Files\dotnet\shared\Microsoft.NETCore.App\3.0.0\System.Collections.Concurrent.dll</ModulePath>
      <ModuleTime>2019-09-13T06:08:48Z</ModuleTime>
      <ModuleName>System.Collections.Concurrent</ModuleName>
      <Classes />
    </Module>
    <Module skippedDueTo="Filter" hash="BB-21-29-CE-C1-DE-99-AC-1B-83-08-87-CB-FC-FD-E1-6A-71-62-56">
      <ModulePath>C:\Program Files\dotnet\shared\Microsoft.NETCore.App\3.0.0\System.Security.Cryptography.Algorithms.dll</ModulePath>
      <ModuleTime>2019-09-13T06:08:52Z</ModuleTime>
      <ModuleName>System.Security.Cryptography.Algorithms</ModuleName>
      <Classes />
    </Module>
    <Module skippedDueTo="Filter" hash="40-F4-26-B6-FB-2D-77-A3-7F-DB-5C-F9-01-91-A8-F6-B5-E9-67-E7">
      <ModulePath>C:\Program Files\dotnet\shared\Microsoft.NETCore.App\3.0.0\System.Text.RegularExpressions.dll</ModulePath>
      <ModuleTime>2019-09-13T06:08:58Z</ModuleTime>
      <ModuleName>System.Text.RegularExpressions</ModuleName>
      <Classes />
    </Module>
    <Module skippedDueTo="MissingPdb" hash="1D-76-CC-14-77-E1-9B-71-F7-0B-F0-D1-3C-A4-39-CB-8B-D2-9F-AC">
      <ModulePath>C:\Program Files\dotnet\sdk\3.0.100\Roslyn\bincore\ja\Microsoft.CodeAnalysis.CSharp.resources.dll</ModulePath>
      <ModuleTime>2019-09-12T08:09:00Z</ModuleTime>
      <ModuleName>Microsoft.CodeAnalysis.CSharp.resources</ModuleName>
      <Classes />
    </Module>
    <Module skippedDueTo="Filter" hash="75-15-1A-30-DB-4F-85-9E-36-BA-EF-85-36-B8-DE-BF-18-A4-9F-4B">
      <ModulePath>C:\Program Files\dotnet\shared\Microsoft.NETCore.App\3.0.0\System.Threading.Tasks.Parallel.dll</ModulePath>
      <ModuleTime>2019-09-13T06:08:58Z</ModuleTime>
      <ModuleName>System.Threading.Tasks.Parallel</ModuleName>
      <Classes />
    </Module>
    <Module skippedDueTo="Filter" hash="B5-05-36-8A-8B-F2-DB-8B-6F-47-C7-88-2D-05-AF-53-BE-35-79-16">
      <ModulePath>C:\Program Files\dotnet\shared\Microsoft.NETCore.App\3.0.0\System.Globalization.dll</ModulePath>
      <ModuleTime>2019-09-13T06:08:54Z</ModuleTime>
      <ModuleName>System.Globalization</ModuleName>
      <Classes />
    </Module>
    <Module skippedDueTo="Filter" hash="4C-DC-2C-84-3C-14-D6-AC-1E-91-43-36-F0-1E-24-83-A9-BE-F6-D3">
      <ModulePath>C:\Program Files\dotnet\shared\Microsoft.NETCore.App\3.0.0\System.Diagnostics.Tracing.dll</ModulePath>
      <ModuleTime>2019-09-13T06:08:58Z</ModuleTime>
      <ModuleName>System.Diagnostics.Tracing</ModuleName>
[...]
      <ModulePath>C:\Program Files\dotnet\shared\Microsoft.NETCore.App\3.0.0\System.Runtime.Serialization.dll</ModulePath>
      <ModuleTime>2019-09-13T06:08:52Z</ModuleTime>
      <ModuleName>System.Runtime.Serialization</ModuleName>
      <Classes />
    </Module>
    <Module skippedDueTo="Filter" hash="B9-FE-15-66-D8-A1-B1-B3-FA-25-66-4B-CB-34-20-3E-B8-A6-83-F4">
      <ModulePath>C:\Program Files\dotnet\shared\Microsoft.NETCore.App\3.0.0\System.Runtime.WindowsRuntime.UI.Xaml.dll</ModulePath>
      <ModuleTime>2019-09-13T06:08:52Z</ModuleTime>
      <ModuleName>System.Runtime.WindowsRuntime.UI.Xaml</ModuleName>
      <Classes />
    </Module>
    <Module skippedDueTo="Filter" hash="C7-C5-DD-BF-12-74-2D-0A-86-C9-D8-77-C5-48-B9-7F-74-0C-35-8B">
      <ModulePath>C:\Program Files\dotnet\shared\Microsoft.NETCore.App\3.0.0\System.Runtime.WindowsRuntime.dll</ModulePath>
      <ModuleTime>2019-09-13T06:08:54Z</ModuleTime>
      <ModuleName>System.Runtime.WindowsRuntime</ModuleName>
      <Classes />
    </Module>
    <Module skippedDueTo="MissingPdb" hash="86-BA-39-88-B6-F5-FE-98-16-E2-6C-C0-69-70-4B-35-22-C1-60-C2">
      <ModulePath>C:\WINDOWS\system32\WinMetadata\Windows.Foundation.winmd</ModulePath>
      <ModuleTime>2019-10-04T15:02:19.9673659Z</ModuleTime>
      <ModuleName>Windows.Foundation</ModuleName>
      <Classes />
    </Module>
    <Module skippedDueTo="MissingPdb" hash="EF-DA-13-43-19-12-4C-91-7E-EF-0B-82-42-2A-54-D2-A6-C1-ED-15">
      <ModulePath>C:\WINDOWS\system32\WinMetadata\Windows.Storage.winmd</ModulePath>
      <ModuleTime>2019-10-04T15:02:20.0723555Z</ModuleTime>
      <ModuleName>Windows.Storage</ModuleName>
      <Classes />
    </Module>
    <Module skippedDueTo="Filter" hash="23-29-58-03-7F-8C-43-4D-63-9D-64-6D-E1-5A-9D-29-31-4F-DF-62">
      <ModulePath>C:\Program Files\dotnet\shared\Microsoft.NETCore.App\3.0.0\System.Security.Cryptography.Cng.dll</ModulePath>
      <ModuleTime>2019-09-13T06:08:52Z</ModuleTime>
      <ModuleName>System.Security.Cryptography.Cng</ModuleName>
      <Classes />
    </Module>
    <Module skippedDueTo="Filter" hash="54-8D-78-A1-6C-CD-44-4D-38-39-C2-CD-8C-AD-E0-FA-AE-6C-70-00">
      <ModulePath>C:\Program Files\dotnet\shared\Microsoft.NETCore.App\3.0.0\System.Security.Cryptography.Csp.dll</ModulePath>
      <ModuleTime>2019-09-13T06:08:54Z</ModuleTime>
      <ModuleName>System.Security.Cryptography.Csp</ModuleName>
      <Classes />
    </Module>
    <Module skippedDueTo="Filter" hash="0F-E2-04-42-62-69-F4-73-54-17-4D-86-09-E4-39-DF-4A-88-F0-49">
      <ModulePath>C:\Program Files\dotnet\shared\Microsoft.NETCore.App\3.0.0\System.Security.Cryptography.OpenSsl.dll</ModulePath>
      <ModuleTime>2019-09-13T06:08:54Z</ModuleTime>
      <ModuleName>System.Security.Cryptography.OpenSsl</ModuleName>
      <Classes />
    </Module>
    <Module skippedDueTo="Filter" hash="FC-70-3A-37-88-E5-63-21-53-B6-95-57-56-94-7C-86-D9-59-B4-57">
      <ModulePath>C:\Program Files\dotnet\shared\Microsoft.NETCore.App\3.0.0\System.Security.SecureString.dll</ModulePath>
      <ModuleTime>2019-09-13T06:08:58Z</ModuleTime>
      <ModuleName>System.Security.SecureString</ModuleName>
      <Classes />
    </Module>
    <Module skippedDueTo="Filter" hash="7F-8D-29-6F-AF-70-84-81-06-6F-DA-A3-05-52-90-BE-63-84-82-9D">
      <ModulePath>C:\Program Files\dotnet\shared\Microsoft.NETCore.App\3.0.0\System.Security.dll</ModulePath>
      <ModuleTime>2019-09-13T06:08:52Z</ModuleTime>
      <ModuleName>System.Security</ModuleName>
      <Classes />
    </Module>
    <Module skippedDueTo="Filter" hash="12-A7-A4-3D-6F-51-CC-99-3F-34-9B-FF-95-4A-F6-90-F5-60-CA-93">
      <ModulePath>C:\Program Files\dotnet\shared\Microsoft.NETCore.App\3.0.0\System.ServiceModel.Web.dll</ModulePath>
      <ModuleTime>2019-09-13T06:08:56Z</ModuleTime>
      <ModuleName>System.ServiceModel.Web</ModuleName>
      <Classes />
    </Module>
    <Module skippedDueTo="Filter" hash="57-69-D6-7B-BF-F7-0B-86-C3-06-35-02-8F-95-5A-82-E3-C9-C5-C1">
      <ModulePath>C:\Program Files\dotnet\shared\Microsoft.NETCore.App\3.0.0\System.ServiceProcess.dll</ModulePath>
      <ModuleTime>2019-09-13T06:08:56Z</ModuleTime>
      <ModuleName>System.ServiceProcess</ModuleName>
      <Classes />
    </Module>
    <Module skippedDueTo="Filter" hash="95-FF-6D-AC-D4-0B-D8-B8-DA-AD-E3-4E-88-1F-4F-EA-2F-25-93-E1">
      <ModulePath>C:\Program Files\dotnet\shared\Microsoft.NETCore.App\3.0.0\System.Text.Encoding.CodePages.dll</ModulePath>
      <ModuleTime>2019-09-13T06:08:54Z</ModuleTime>
      <ModuleName>System.Text.Encoding.CodePages</ModuleName>
      <Classes />
    </Module>
    <Module skippedDueTo="Filter" hash="0D-56-71-62-F8-AA-26-43-7A-94-31-31-02-DD-DD-D9-5D-38-03-7A">
      <ModulePath>C:\Program Files\dotnet\shared\Microsoft.NETCore.App\3.0.0\System.Text.Encodings.Web.dll</ModulePath>
      <ModuleTime>2019-09-13T06:08:58Z</ModuleTime>
      <ModuleName>System.Text.Encodings.Web</ModuleName>
      <Classes />
    </Module>
    <Module skippedDueTo="Filter" hash="F0-7C-58-E8-95-41-DB-BC-3F-3A-F3-DD-C3-BB-C9-CF-99-F7-84-49">
      <ModulePath>C:\Program Files\dotnet\shared\Microsoft.NETCore.App\3.0.0\System.Text.Json.dll</ModulePath>
      <ModuleTime>2019-09-13T06:08:56Z</ModuleTime>
      <ModuleName>System.Text.Json</ModuleName>
      <Classes />
    </Module>
    <Module skippedDueTo="Filter" hash="B2-C8-B6-9A-54-70-56-75-50-39-D8-F7-E6-3F-C5-D6-63-1B-56-21">
      <ModulePath>C:\Program Files\dotnet\shared\Microsoft.NETCore.App\3.0.0\System.Threading.Channels.dll</ModulePath>
      <ModuleTime>2019-09-13T06:09:00Z</ModuleTime>
      <ModuleName>System.Threading.Channels</ModuleName>
      <Classes />
    </Module>
    <Module skippedDueTo="Filter" hash="08-92-24-95-67-3E-82-65-A0-94-D3-C2-2A-AF-C7-12-14-A4-A3-9E">
      <ModulePath>C:\Program Files\dotnet\shared\Microsoft.NETCore.App\3.0.0\System.Threading.Tasks.Dataflow.dll</ModulePath>
      <ModuleTime>2019-09-13T06:08:58Z</ModuleTime>
      <ModuleName>System.Threading.Tasks.Dataflow</ModuleName>
      <Classes />
    </Module>
    <Module skippedDueTo="Filter" hash="D8-8A-62-EA-BA-A7-39-33-42-C2-E4-22-D5-D6-F4-71-C3-F3-1F-9C">
      <ModulePath>C:\Program Files\dotnet\shared\Microsoft.NETCore.App\3.0.0\System.Threading.Tasks.Extensions.dll</ModulePath>
      <ModuleTime>2019-09-13T06:08:58Z</ModuleTime>
      <ModuleName>System.Threading.Tasks.Extensions</ModuleName>
      <Classes />
    </Module>
    <Module skippedDueTo="Filter" hash="75-15-1A-30-DB-4F-85-9E-36-BA-EF-85-36-B8-DE-BF-18-A4-9F-4B">
      <ModulePath>C:\Program Files\dotnet\shared\Microsoft.NETCore.App\3.0.0\System.Threading.Tasks.Parallel.dll</ModulePath>
      <ModuleTime>2019-09-13T06:08:58Z</ModuleTime>
      <ModuleName>System.Threading.Tasks.Parallel</ModuleName>
      <Classes />
    </Module>
    <Module skippedDueTo="Filter" hash="CC-0D-FA-7D-2F-0B-78-3F-2C-82-F4-EC-12-20-62-BB-0A-7D-B1-0C">
      <ModulePath>C:\Program Files\dotnet\shared\Microsoft.NETCore.App\3.0.0\System.Transactions.Local.dll</ModulePath>
      <ModuleTime>2019-09-13T06:08:48Z</ModuleTime>
      <ModuleName>System.Transactions.Local</ModuleName>
      <Classes />
    </Module>
    <Module skippedDueTo="Filter" hash="AB-32-2D-3A-62-25-A3-3D-E5-09-96-97-55-95-A3-A7-54-FD-2F-22">
      <ModulePath>C:\Program Files\dotnet\shared\Microsoft.NETCore.App\3.0.0\System.Transactions.dll</ModulePath>
      <ModuleTime>2019-09-13T06:08:46Z</ModuleTime>
      <ModuleName>System.Transactions</ModuleName>
      <Classes />
    </Module>
    <Module skippedDueTo="Filter" hash="39-48-0C-C2-D6-67-48-42-BA-1A-9C-03-FF-E7-42-40-A5-77-90-6D">
      <ModulePath>C:\Program Files\dotnet\shared\Microsoft.NETCore.App\3.0.0\System.ValueTuple.dll</ModulePath>
      <ModuleTime>2019-09-13T06:08:48Z</ModuleTime>
      <ModuleName>System.ValueTuple</ModuleName>
      <Classes />
    </Module>
    <Module skippedDueTo="Filter" hash="AC-E6-6B-7A-D7-A1-EE-BD-16-88-8D-7A-10-B6-11-15-66-8E-DC-45">
      <ModulePath>C:\Program Files\dotnet\shared\Microsoft.NETCore.App\3.0.0\System.Web.HttpUtility.dll</ModulePath>
      <ModuleTime>2019-09-13T06:08:48Z</ModuleTime>
      <ModuleName>System.Web.HttpUtility</ModuleName>
      <Classes />
    </Module>
    <Module skippedDueTo="Filter" hash="43-E5-B3-33-FA-FE-B1-40-E7-63-87-16-2B-C9-D6-79-D6-03-DC-CB">
      <ModulePath>C:\Program Files\dotnet\shared\Microsoft.NETCore.App\3.0.0\System.Web.dll</ModulePath>
      <ModuleTime>2019-09-13T06:08:52Z</ModuleTime>
      <ModuleName>System.Web</ModuleName>
      <Classes />
    </Module>
    <Module skippedDueTo="Filter" hash="84-43-AA-71-B1-9C-BE-58-56-65-13-33-97-EB-3E-0D-64-B6-49-45">
      <ModulePath>C:\Program Files\dotnet\shared\Microsoft.NETCore.App\3.0.0\System.Windows.dll</ModulePath>
      <ModuleTime>2019-09-13T06:08:46Z</ModuleTime>
      <ModuleName>System.Windows</ModuleName>
      <Classes />
    </Module>
    <Module skippedDueTo="Filter" hash="D9-88-85-5E-87-91-46-05-CB-BA-C3-74-96-64-2C-6B-76-C4-3A-37">
      <ModulePath>C:\Program Files\dotnet\shared\Microsoft.NETCore.App\3.0.0\System.Xml.Linq.dll</ModulePath>
      <ModuleTime>2019-09-13T06:08:50Z</ModuleTime>
      <ModuleName>System.Xml.Linq</ModuleName>
      <Classes />
    </Module>
    <Module skippedDueTo="Filter" hash="53-87-F1-CC-55-1F-1B-82-4C-BE-1F-4A-73-07-6C-A5-FC-CA-3C-66">
      <ModulePath>C:\Program Files\dotnet\shared\Microsoft.NETCore.App\3.0.0\System.Xml.Serialization.dll</ModulePath>
      <ModuleTime>2019-09-13T06:08:46Z</ModuleTime>
      <ModuleName>System.Xml.Serialization</ModuleName>
      <Classes />
    </Module>
    <Module skippedDueTo="Filter" hash="EC-65-D6-C8-44-CD-1E-C0-56-B8-04-94-6D-45-37-27-54-45-2C-9B">
      <ModulePath>C:\Program Files\dotnet\shared\Microsoft.NETCore.App\3.0.0\System.Xml.XPath.XDocument.dll</ModulePath>
      <ModuleTime>2019-09-13T06:08:50Z</ModuleTime>
      <ModuleName>System.Xml.XPath.XDocument</ModuleName>
      <Classes />
    </Module>
    <Module skippedDueTo="Filter" hash="F3-68-9C-CA-CE-2A-35-4D-EA-80-97-C0-C0-F5-33-DA-A8-3B-9E-11">
      <ModulePath>C:\Program Files\dotnet\shared\Microsoft.NETCore.App\3.0.0\System.Xml.XPath.dll</ModulePath>
      <ModuleTime>2019-09-13T06:08:46Z</ModuleTime>
      <ModuleName>System.Xml.XPath</ModuleName>
      <Classes />
    </Module>
    <Module skippedDueTo="Filter" hash="17-31-8E-89-A6-D0-7D-CA-5C-B4-1E-76-33-36-44-C6-69-4D-1E-9D">
      <ModulePath>C:\Program Files\dotnet\shared\Microsoft.NETCore.App\3.0.0\System.Xml.XmlDocument.dll</ModulePath>
      <ModuleTime>2019-09-13T06:08:46Z</ModuleTime>
      <ModuleName>System.Xml.XmlDocument</ModuleName>
      <Classes />
    </Module>
    <Module skippedDueTo="Filter" hash="4D-8B-8C-DD-D1-55-23-17-D6-92-E1-50-AC-26-1F-48-99-9F-4B-FD">
      <ModulePath>C:\Program Files\dotnet\shared\Microsoft.NETCore.App\3.0.0\System.Xml.XmlSerializer.dll</ModulePath>
      <ModuleTime>2019-09-13T06:08:46Z</ModuleTime>
      <ModuleName>System.Xml.XmlSerializer</ModuleName>
      <Classes />
    </Module>
    <Module skippedDueTo="Filter" hash="13-BE-64-F9-DF-9A-55-DA-BA-2C-DD-4B-A7-B6-7F-42-E6-12-ED-7D">
      <ModulePath>C:\Program Files\dotnet\shared\Microsoft.NETCore.App\3.0.0\System.dll</ModulePath>
      <ModuleTime>2019-09-13T06:08:56Z</ModuleTime>
      <ModuleName>System</ModuleName>
      <Classes />
    </Module>
    <Module hash="2B-0E-C4-2C-54-CA-19-66-1A-7E-27-2A-03-A3-92-F0-59-0C-D6-9D">
      <Summary numSequencePoints="0" visitedSequencePoints="0" numBranchPoints="0" visitedBranchPoints="0" sequenceCoverage="0" branchCoverage="0" maxCyclomaticComplexity="0" minCyclomaticComplexity="0" maxCrapScore="0" minCrapScore="0" visitedClasses="0" numClasses="0" visitedMethods="0" numMethods="0" />
      <ModulePath>C:\Users\shunt\source\repos\OreAka\OreAka.WPF.Test\bin\Debug\netcoreapp3.0\xunit.runner.reporters.netcoreapp10.dll</ModulePath>
      <ModuleTime>2018-10-28T19:17:14Z</ModuleTime>
      <ModuleName>xunit.runner.reporters.netcoreapp10</ModuleName>
      <Files />
      <Classes>
        <Class skippedDueTo="Filter">
          <FullName>&lt;Module&gt;</FullName>
          <Methods />
        </Class>
        <Class skippedDueTo="Filter">
          <FullName>Xunit.EnvironmentHelper</FullName>
          <Methods />
        </Class>
        <Class skippedDueTo="Filter">
          <FullName>Xunit.JsonArray</FullName>
          <Methods />
        </Class>
        <Class skippedDueTo="Filter">
          <FullName>Xunit.JsonBoolean</FullName>
          <Methods />
        </Class>
        <Class skippedDueTo="Filter">
          <FullName>Xunit.JsonBuffer</FullName>
          <Methods />
        </Class>
        <Class skippedDueTo="Filter">
          <FullName>Xunit.JsonDeserializer</FullName>
          <Methods />
        </Class>
        <Class skippedDueTo="Filter">
          <FullName>Xunit.JsonDeserializerException</FullName>
          <Methods />
        </Class>
        <Class skippedDueTo="Filter">
          <FullName>Xunit.JsonDeserializerResource</FullName>
          <Methods />
        </Class>
        <Class skippedDueTo="Filter">
          <FullName>Xunit.JsonNull</FullName>
          <Methods />
        </Class>
        <Class skippedDueTo="Filter">
          <FullName>Xunit.JsonNumber</FullName>
          <Methods />
        </Class>
        <Class skippedDueTo="Filter">
          <FullName>Xunit.JsonObject</FullName>
          <Methods />
        </Class>
        <Class skippedDueTo="Filter">
          <FullName>Xunit.JsonString</FullName>
          <Methods />
        </Class>
        <Class skippedDueTo="Filter">
          <FullName>Xunit.JsonValue</FullName>
          <Methods />
        </Class>
        <Class skippedDueTo="Filter">
          <FullName>Xunit.Sdk.XunitWorkerThread</FullName>
          <Methods />
        </Class>
        <Class skippedDueTo="Filter">
          <FullName>Xunit.Sdk.XunitWorkerThread/State</FullName>
          <Methods />
        </Class>
        <Class skippedDueTo="Filter">
          <FullName>Xunit.Sdk.XunitWorkerThread/&lt;&gt;c</FullName>
          <Methods />
        </Class>
        <Class skippedDueTo="Filter">
          <FullName>Xunit.Runner.Reporters.AppVeyorClient</FullName>
          <Methods />
        </Class>
        <Class skippedDueTo="Filter">
          <FullName>Xunit.Runner.Reporters.AppVeyorClient/&lt;&gt;c</FullName>
          <Methods />
        </Class>
        <Class skippedDueTo="Filter">
          <FullName>Xunit.Runner.Reporters.AppVeyorReporter</FullName>
          <Methods />
        </Class>
        <Class skippedDueTo="Filter">
          <FullName>Xunit.Runner.Reporters.AppVeyorReporterMessageHandler</FullName>
          <Methods />
        </Class>
        <Class skippedDueTo="Filter">
          <FullName>Xunit.Runner.Reporters.JsonExtentions</FullName>
          <Methods />
        </Class>
        <Class skippedDueTo="Delegate">
          <FullName>Xunit.Runner.Reporters.JsonExtentions/AddFields</FullName>
          <Methods />
        </Class>
        <Class skippedDueTo="Filter">
          <FullName>Xunit.Runner.Reporters.JsonExtentions/&lt;&gt;c</FullName>
          <Methods />
        </Class>
        <Class skippedDueTo="Filter">
          <FullName>Xunit.Runner.Reporters.JsonReporter</FullName>
          <Methods />
        </Class>
        <Class skippedDueTo="Filter">
          <FullName>Xunit.Runner.Reporters.JsonReporterMessageHandler</FullName>
          <Methods />
        </Class>
        <Class skippedDueTo="Filter">
          <FullName>Xunit.Runner.Reporters.JsonReporterMessageHandler/&lt;&gt;c</FullName>
          <Methods />
        </Class>
        <Class skippedDueTo="Filter">
          <FullName>Xunit.Runner.Reporters.JsonReporterMessageHandler/&lt;&gt;c__DisplayClass4_0</FullName>
          <Methods />
        </Class>
        <Class skippedDueTo="Filter">
          <FullName>Xunit.Runner.Reporters.QuietReporter</FullName>
          <Methods />
        </Class>
        <Class skippedDueTo="Filter">
          <FullName>Xunit.Runner.Reporters.QuietReporterMessageHandler</FullName>
          <Methods />
        </Class>
        <Class skippedDueTo="Filter">
          <FullName>Xunit.Runner.Reporters.TeamCityReporter</FullName>
          <Methods />
        </Class>
        <Class skippedDueTo="Filter">
          <FullName>Xunit.Runner.Reporters.TeamCityReporterMessageHandler</FullName>
          <Methods />
        </Class>
        <Class skippedDueTo="Filter">
          <FullName>Xunit.Runner.Reporters.TeamCityReporterMessageHandler/&lt;&gt;c</FullName>
          <Methods />
        </Class>
        <Class skippedDueTo="Filter">
          <FullName>Xunit.Runner.Reporters.TeamCityDisplayNameFormatter</FullName>
          <Methods />
        </Class>
        <Class skippedDueTo="Filter">
          <FullName>Xunit.Runner.Reporters.VerboseReporter</FullName>
          <Methods />
        </Class>
        <Class skippedDueTo="Filter">
          <FullName>Xunit.Runner.Reporters.VerboseReporterMessageHandler</FullName>
          <Methods />
        </Class>
        <Class skippedDueTo="Filter">
          <FullName>Xunit.Runner.Reporters.VstsClient</FullName>
          <Methods />
        </Class>
        <Class skippedDueTo="Filter">
          <FullName>Xunit.Runner.Reporters.VstsClient/&lt;&gt;c</FullName>
          <Methods />
        </Class>
        <Class skippedDueTo="Filter">
          <FullName>Xunit.Runner.Reporters.VstsReporter</FullName>
          <Methods />
        </Class>
        <Class skippedDueTo="Filter">
          <FullName>Xunit.Runner.Reporters.VstsReporterMessageHandler</FullName>
          <Methods />
        </Class>
      </Classes>
    </Module>
    <Module skippedDueTo="Filter" hash="82-03-82-CC-EA-3F-23-F2-7A-F8-67-F6-5B-79-23-54-CE-43-1E-8C">
      <ModulePath>C:\Program Files\dotnet\shared\Microsoft.NETCore.App\3.0.0\System.Runtime.Serialization.Json.dll</ModulePath>
      <ModuleTime>2019-09-13T06:08:54Z</ModuleTime>
      <ModuleName>System.Runtime.Serialization.Json</ModuleName>
      <Classes />
    </Module>
    <Module skippedDueTo="Filter" hash="56-62-B9-42-65-69-A8-67-B3-1D-B0-CE-65-F9-BF-BA-43-81-79-EC">
      <ModulePath>C:\Program Files\dotnet\shared\Microsoft.NETCore.App\3.0.0\System.Private.DataContractSerialization.dll</ModulePath>
      <ModuleTime>2019-09-13T06:08:46Z</ModuleTime>
      <ModuleName>System.Private.DataContractSerialization</ModuleName>
      <Classes />
    </Module>
    <Module skippedDueTo="Filter" hash="E9-87-DC-45-27-A4-F4-10-0D-25-7D-88-99-7F-6C-93-8F-FF-DF-16">
      <ModulePath>C:\Program Files\dotnet\shared\Microsoft.NETCore.App\3.0.0\System.Runtime.Serialization.Xml.dll</ModulePath>
      <ModuleTime>2019-09-13T06:08:52Z</ModuleTime>
      <ModuleName>System.Runtime.Serialization.Xml</ModuleName>
      <Classes />
    </Module>
    <Module skippedDueTo="Filter" hash="40-F4-26-B6-FB-2D-77-A3-7F-DB-5C-F9-01-91-A8-F6-B5-E9-67-E7">
      <ModulePath>C:\Program Files\dotnet\shared\Microsoft.NETCore.App\3.0.0\System.Text.RegularExpressions.dll</ModulePath>
      <ModuleTime>2019-09-13T06:08:58Z</ModuleTime>
      <ModuleName>System.Text.RegularExpressions</ModuleName>
      <Classes />
    </Module>
    <Module skippedDueTo="Filter" hash="9A-3F-13-63-C8-C8-E9-25-E9-A8-7C-4F-02-C7-3F-CD-BF-CB-6E-AD">
      <ModulePath>C:\Program Files\dotnet\shared\Microsoft.NETCore.App\3.0.0\System.Buffers.dll</ModulePath>
      <ModuleTime>2019-09-13T06:08:48Z</ModuleTime>
      <ModuleName>System.Buffers</ModuleName>
      <Classes />
    </Module>
    <Module skippedDueTo="MissingPdb" hash="">
      <ModulePath>RefEmit_InMemoryManifestModule</ModulePath>
      <ModuleTime>0001-01-01T00:00:00</ModuleTime>
      <ModuleName>DynamicProxyGenAssembly2</ModuleName>
      <Classes />
    </Module>
  </Modules>
</CoverageSession>